# JRE version: Java(TM) SE Runtime Environment (8.0_144-b01) (build 1.8.0_144-b01)
# Java VM: Java HotSpot(TM) 64-Bit Server VM (25.144-b01 mixed mode windows-amd64 compressed oops)
Heap:
 PSYoungGen      total 247808K, used 201881K [0x00000000d5f00000, 0x00000000e7e80000, 0x0000000100000000)
  eden space 202240K, 99% used [0x00000000d5f00000,0x00000000e24264e8,0x00000000e2480000)
  from space 45568K, 0% used [0x00000000e2580000,0x00000000e2580000,0x00000000e5200000)
  to   space 29184K, 0% used [0x00000000e6200000,0x00000000e6200000,0x00000000e7e80000)
 ParOldGen       total 159744K, used 159539K [0x0000000081c00000, 0x000000008b900000, 0x00000000d5f00000)
  object space 159744K, 99% used [0x0000000081c00000,0x000000008b7ccc58,0x000000008b800000)
 Metaspace       used 3471K, capacity 4728K, committed 4864K, reserved 1056768K
  class space    used 359K, capacity 424K, committed 512K, reserved 1048576K
GC Heap History (10 events):
Event: 15.096 GC heap before
{Heap before GC invocations=71 (full 62):
 PSYoungGen      total 247808K, used 201942K [0x00000000d5f00000, 0x00000000e7e80000, 0x0000000100000000)
  eden space 202240K, 99% used [0x00000000d5f00000,0x00000000e2435a20,0x00000000e2480000)
  from space 45568K, 0% used [0x00000000e2580000,0x00000000e2580000,0x00000000e5200000)
  to   space 29184K, 0% used [0x00000000e6200000,0x00000000e6200000,0x00000000e7e80000)
 ParOldGen       total 159744K, used 159241K [0x0000000081c00000, 0x000000008b800000, 0x00000000d5f00000)
  object space 159744K, 99% used [0x0000000081c00000,0x000000008b782628,0x000000008b800000)
 Metaspace       used 3471K, capacity 4728K, committed 4864K, reserved 1056768K
  class space    used 359K, capacity 424K, committed 512K, reserved 1048576K
Event: 15.196 GC heap after
Heap after GC invocations=71 (full 62):
 PSYoungGen      total 247808K, used 201313K [0x00000000d5f00000, 0x00000000e7e80000, 0x0000000100000000)
  eden space 202240K, 99% used [0x00000000d5f00000,0x00000000e2398790,0x00000000e2480000)
  from space 45568K, 0% used [0x00000000e2580000,0x00000000e2580000,0x00000000e5200000)
  to   space 29184K, 0% used [0x00000000e6200000,0x00000000e6200000,0x00000000e7e80000)
 ParOldGen       total 159744K, used 159539K [0x0000000081c00000, 0x000000008b800000, 0x00000000d5f00000)
  object space 159744K, 99% used [0x0000000081c00000,0x000000008b7ccc58,0x000000008b800000)
 Metaspace       used 3471K, capacity 4728K, committed 4864K, reserved 1056768K
  class space    used 359K, capacity 424K, committed 512K, reserved 1048576K
}
Event: 15.201 GC heap before
{Heap before GC invocations=72 (full 63):
 PSYoungGen      total 247808K, used 202196K [0x00000000d5f00000, 0x00000000e7e80000, 0x0000000100000000)
  eden space 202240K, 99% used [0x00000000d5f00000,0x00000000e24752d0,0x00000000e2480000)
  from space 45568K, 0% used [0x00000000e2580000,0x00000000e2580000,0x00000000e5200000)
  to   space 29184K, 0% used [0x00000000e6200000,0x00000000e6200000,0x00000000e7e80000)
 ParOldGen       total 159744K, used 159539K [0x0000000081c00000, 0x000000008b800000, 0x00000000d5f00000)
  object space 159744K, 99% used [0x0000000081c00000,0x000000008b7ccc58,0x000000008b800000)
 Metaspace       used 3471K, capacity 4728K, committed 4864K, reserved 1056768K
  class space    used 359K, capacity 424K, committed 512K, reserved 1048576K
Event: 15.258 GC heap after
Heap after GC invocations=72 (full 63):
 PSYoungGen      total 247808K, used 201449K [0x00000000d5f00000, 0x00000000e7e80000, 0x0000000100000000)
  eden space 202240K, 99% used [0x00000000d5f00000,0x00000000e23ba4e8,0x00000000e2480000)
  from space 45568K, 0% used [0x00000000e2580000,0x00000000e2580000,0x00000000e5200000)
  to   space 29184K, 0% used [0x00000000e6200000,0x00000000e6200000,0x00000000e7e80000)
 ParOldGen       total 159744K, used 159539K [0x0000000081c00000, 0x000000008b800000, 0x00000000d5f00000)
  object space 159744K, 99% used [0x0000000081c00000,0x000000008b7ccc58,0x000000008b800000)
 Metaspace       used 3471K, capacity 4728K, committed 4864K, reserved 1056768K
  class space    used 359K, capacity 424K, committed 512K, reserved 1048576K
}
Event: 15.262 GC heap before
{Heap before GC invocations=73 (full 64):
 PSYoungGen      total 247808K, used 201755K [0x00000000d5f00000, 0x00000000e7e80000, 0x0000000100000000)
  eden space 202240K, 99% used [0x00000000d5f00000,0x00000000e2406cb8,0x00000000e2480000)
  from space 45568K, 0% used [0x00000000e2580000,0x00000000e2580000,0x00000000e5200000)
  to   space 29184K, 0% used [0x00000000e6200000,0x00000000e6200000,0x00000000e7e80000)
 ParOldGen       total 159744K, used 159539K [0x0000000081c00000, 0x000000008b800000, 0x00000000d5f00000)
  object space 159744K, 99% used [0x0000000081c00000,0x000000008b7ccc58,0x000000008b800000)
 Metaspace       used 3471K, capacity 4728K, committed 4864K, reserved 1056768K
  class space    used 359K, capacity 424K, committed 512K, reserved 1048576K
Event: 15.321 GC heap after
Heap after GC invocations=73 (full 64):
 PSYoungGen      total 247808K, used 201593K [0x00000000d5f00000, 0x00000000e7e80000, 0x0000000100000000)
  eden space 202240K, 99% used [0x00000000d5f00000,0x00000000e23de4e8,0x00000000e2480000)
  from space 45568K, 0% used [0x00000000e2580000,0x00000000e2580000,0x00000000e5200000)
  to   space 29184K, 0% used [0x00000000e6200000,0x00000000e6200000,0x00000000e7e80000)
 ParOldGen       total 159744K, used 159539K [0x0000000081c00000, 0x000000008b800000, 0x00000000d5f00000)
  object space 159744K, 99% used [0x0000000081c00000,0x000000008b7ccc58,0x000000008b800000)
 Metaspace       used 3471K, capacity 4728K, committed 4864K, reserved 1056768K
  class space    used 359K, capacity 424K, committed 512K, reserved 1048576K
}
Event: 15.332 GC heap before
{Heap before GC invocations=74 (full 65):
 PSYoungGen      total 247808K, used 202196K [0x00000000d5f00000, 0x00000000e7e80000, 0x0000000100000000)
  eden space 202240K, 99% used [0x00000000d5f00000,0x00000000e24752c8,0x00000000e2480000)
  from space 45568K, 0% used [0x00000000e2580000,0x00000000e2580000,0x00000000e5200000)
  to   space 29184K, 0% used [0x00000000e6200000,0x00000000e6200000,0x00000000e7e80000)
 ParOldGen       total 159744K, used 159539K [0x0000000081c00000, 0x000000008b800000, 0x00000000d5f00000)
  object space 159744K, 99% used [0x0000000081c00000,0x000000008b7ccc58,0x000000008b800000)
 Metaspace       used 3471K, capacity 4728K, committed 4864K, reserved 1056768K
  class space    used 359K, capacity 424K, committed 512K, reserved 1048576K
Event: 15.396 GC heap after
Heap after GC invocations=74 (full 65):
 PSYoungGen      total 247808K, used 201881K [0x00000000d5f00000, 0x00000000e7e80000, 0x0000000100000000)
  eden space 202240K, 99% used [0x00000000d5f00000,0x00000000e24264e8,0x00000000e2480000)
  from space 45568K, 0% used [0x00000000e2580000,0x00000000e2580000,0x00000000e5200000)
  to   space 29184K, 0% used [0x00000000e6200000,0x00000000e6200000,0x00000000e7e80000)
 ParOldGen       total 159744K, used 159539K [0x0000000081c00000, 0x000000008b800000, 0x00000000d5f00000)
  object space 159744K, 99% used [0x0000000081c00000,0x000000008b7ccc58,0x000000008b800000)
 Metaspace       used 3471K, capacity 4728K, committed 4864K, reserved 1056768K
  class space    used 359K, capacity 424K, committed 512K, reserved 1048576K
}
Event: 15.396 GC heap before
{Heap before GC invocations=75 (full 66):
 PSYoungGen      total 247808K, used 201881K [0x00000000d5f00000, 0x00000000e7e80000, 0x0000000100000000)
  eden space 202240K, 99% used [0x00000000d5f00000,0x00000000e24264e8,0x00000000e2480000)
  from space 45568K, 0% used [0x00000000e2580000,0x00000000e2580000,0x00000000e5200000)
  to   space 29184K, 0% used [0x00000000e6200000,0x00000000e6200000,0x00000000e7e80000)
 ParOldGen       total 159744K, used 159539K [0x0000000081c00000, 0x000000008b800000, 0x00000000d5f00000)
  object space 159744K, 99% used [0x0000000081c00000,0x000000008b7ccc58,0x000000008b800000)
 Metaspace       used 3471K, capacity 4728K, committed 4864K, reserved 1056768K
  class space    used 359K, capacity 424K, committed 512K, reserved 1048576K
Event: 15.457 GC heap after
Heap after GC invocations=75 (full 66):
 PSYoungGen      total 247808K, used 201881K [0x00000000d5f00000, 0x00000000e7e80000, 0x0000000100000000)
  eden space 202240K, 99% used [0x00000000d5f00000,0x00000000e24264e8,0x00000000e2480000)
  from space 45568K, 0% used [0x00000000e2580000,0x00000000e2580000,0x00000000e5200000)
  to   space 29184K, 0% used [0x00000000e6200000,0x00000000e6200000,0x00000000e7e80000)
 ParOldGen       total 159744K, used 159539K [0x0000000081c00000, 0x000000008b800000, 0x00000000d5f00000)
  object space 159744K, 99% used [0x0000000081c00000,0x000000008b7ccc58,0x000000008b800000)
 Metaspace       used 3471K, capacity 4728K, committed 4864K, reserved 1056768K
  class space    used 359K, capacity 424K, committed 512K, reserved 1048576K
}

