# JRE version: Java(TM) SE Runtime Environment (8.0_144-b01) (build 1.8.0_144-b01)
# Java VM: Java HotSpot(TM) 64-Bit Server VM (25.144-b01 mixed mode windows-amd64 compressed oops)
Heap:
 PSYoungGen      total 1136640K, used 1127435K [0x000000076ab00000, 0x00000007c0000000, 0x00000007c0000000)
  eden space 1049600K, 99% used [0x000000076ab00000,0x00000007aabe6310,0x00000007aac00000)
  from space 87040K, 89% used [0x00000007aac00000,0x00000007af81cb30,0x00000007b0100000)
  to   space 87040K, 0% used [0x00000007bab00000,0x00000007bab00000,0x00000007c0000000)
 ParOldGen       total 1814016K, used 1813619K [0x00000006c0000000, 0x000000076ab00000, 0x000000076ab00000)
  object space 1814016K, 99% used [0x00000006c0000000,0x000000072eb1cd10,0x000000072eb80000)
 Metaspace       used 3425K, capacity 4728K, committed 4864K, reserved 1056768K
  class space    used 358K, capacity 424K, committed 512K, reserved 1048576K
GC Heap History (10 events):
Event: 5.985 GC heap after
Heap after GC invocations=20 (full 17):
 PSYoungGen      total 1136640K, used 1127435K [0x000000076ab00000, 0x00000007c0000000, 0x00000007c0000000)
  eden space 1049600K, 99% used [0x000000076ab00000,0x00000007aabe6310,0x00000007aac00000)
  from space 87040K, 89% used [0x00000007aac00000,0x00000007af81cb30,0x00000007b0100000)
  to   space 87040K, 0% used [0x00000007bab00000,0x00000007bab00000,0x00000007c0000000)
 ParOldGen       total 1776128K, used 1776114K [0x00000006c0000000, 0x000000072c680000, 0x000000076ab00000)
  object space 1776128K, 99% used [0x00000006c0000000,0x000000072c67c910,0x000000072c680000)
 Metaspace       used 3425K, capacity 4728K, committed 4864K, reserved 1056768K
  class space    used 358K, capacity 424K, committed 512K, reserved 1048576K
}
Event: 5.988 GC heap before
{Heap before GC invocations=21 (full 18):
 PSYoungGen      total 1136640K, used 1127435K [0x000000076ab00000, 0x00000007c0000000, 0x00000007c0000000)
  eden space 1049600K, 99% used [0x000000076ab00000,0x00000007aabe6310,0x00000007aac00000)
  from space 87040K, 89% used [0x00000007aac00000,0x00000007af81cb30,0x00000007b0100000)
  to   space 87040K, 0% used [0x00000007bab00000,0x00000007bab00000,0x00000007c0000000)
 ParOldGen       total 1783808K, used 1783615K [0x00000006c0000000, 0x000000072ce00000, 0x000000076ab00000)
  object space 1783808K, 99% used [0x00000006c0000000,0x000000072cdcfd10,0x000000072ce00000)
 Metaspace       used 3425K, capacity 4728K, committed 4864K, reserved 1056768K
  class space    used 358K, capacity 424K, committed 512K, reserved 1048576K
Event: 6.100 GC heap after
Heap after GC invocations=21 (full 18):
 PSYoungGen      total 1136640K, used 1127435K [0x000000076ab00000, 0x00000007c0000000, 0x00000007c0000000)
  eden space 1049600K, 99% used [0x000000076ab00000,0x00000007aabe6310,0x00000007aac00000)
  from space 87040K, 89% used [0x00000007aac00000,0x00000007af81cb30,0x00000007b0100000)
  to   space 87040K, 0% used [0x00000007bab00000,0x00000007bab00000,0x00000007c0000000)
 ParOldGen       total 1783808K, used 1783615K [0x00000006c0000000, 0x000000072ce00000, 0x000000076ab00000)
  object space 1783808K, 99% used [0x00000006c0000000,0x000000072cdcfd10,0x000000072ce00000)
 Metaspace       used 3425K, capacity 4728K, committed 4864K, reserved 1056768K
  class space    used 358K, capacity 424K, committed 512K, reserved 1048576K
}
Event: 6.103 GC heap before
{Heap before GC invocations=22 (full 19):
 PSYoungGen      total 1136640K, used 1127435K [0x000000076ab00000, 0x00000007c0000000, 0x00000007c0000000)
  eden space 1049600K, 99% used [0x000000076ab00000,0x00000007aabe6310,0x00000007aac00000)
  from space 87040K, 89% used [0x00000007aac00000,0x00000007af81cb30,0x00000007b0100000)
  to   space 87040K, 0% used [0x00000007bab00000,0x00000007bab00000,0x00000007c0000000)
 ParOldGen       total 1791488K, used 1791116K [0x00000006c0000000, 0x000000072d580000, 0x000000076ab00000)
  object space 1791488K, 99% used [0x00000006c0000000,0x000000072d523110,0x000000072d580000)
 Metaspace       used 3425K, capacity 4728K, committed 4864K, reserved 1056768K
  class space    used 358K, capacity 424K, committed 512K, reserved 1048576K
Event: 6.239 GC heap after
Heap after GC invocations=22 (full 19):
 PSYoungGen      total 1136640K, used 1127435K [0x000000076ab00000, 0x00000007c0000000, 0x00000007c0000000)
  eden space 1049600K, 99% used [0x000000076ab00000,0x00000007aabe6310,0x00000007aac00000)
  from space 87040K, 89% used [0x00000007aac00000,0x00000007af81cb30,0x00000007b0100000)
  to   space 87040K, 0% used [0x00000007bab00000,0x00000007bab00000,0x00000007c0000000)
 ParOldGen       total 1791488K, used 1791116K [0x00000006c0000000, 0x000000072d580000, 0x000000076ab00000)
  object space 1791488K, 99% used [0x00000006c0000000,0x000000072d523110,0x000000072d580000)
 Metaspace       used 3425K, capacity 4728K, committed 4864K, reserved 1056768K
  class space    used 358K, capacity 424K, committed 512K, reserved 1048576K
}
Event: 6.242 GC heap before
{Heap before GC invocations=23 (full 20):
 PSYoungGen      total 1136640K, used 1127435K [0x000000076ab00000, 0x00000007c0000000, 0x00000007c0000000)
  eden space 1049600K, 99% used [0x000000076ab00000,0x00000007aabe6310,0x00000007aac00000)
  from space 87040K, 89% used [0x00000007aac00000,0x00000007af81cb30,0x00000007b0100000)
  to   space 87040K, 0% used [0x00000007bab00000,0x00000007bab00000,0x00000007c0000000)
 ParOldGen       total 1798656K, used 1798617K [0x00000006c0000000, 0x000000072dc80000, 0x000000076ab00000)
  object space 1798656K, 99% used [0x00000006c0000000,0x000000072dc76510,0x000000072dc80000)
 Metaspace       used 3425K, capacity 4728K, committed 4864K, reserved 1056768K
  class space    used 358K, capacity 424K, committed 512K, reserved 1048576K
Event: 6.374 GC heap after
Heap after GC invocations=23 (full 20):
 PSYoungGen      total 1136640K, used 1127435K [0x000000076ab00000, 0x00000007c0000000, 0x00000007c0000000)
  eden space 1049600K, 99% used [0x000000076ab00000,0x00000007aabe6310,0x00000007aac00000)
  from space 87040K, 89% used [0x00000007aac00000,0x00000007af81cb30,0x00000007b0100000)
  to   space 87040K, 0% used [0x00000007bab00000,0x00000007bab00000,0x00000007c0000000)
 ParOldGen       total 1798656K, used 1798617K [0x00000006c0000000, 0x000000072dc80000, 0x000000076ab00000)
  object space 1798656K, 99% used [0x00000006c0000000,0x000000072dc76510,0x000000072dc80000)
 Metaspace       used 3425K, capacity 4728K, committed 4864K, reserved 1056768K
  class space    used 358K, capacity 424K, committed 512K, reserved 1048576K
}
Event: 6.377 GC heap before
{Heap before GC invocations=24 (full 21):
 PSYoungGen      total 1136640K, used 1127435K [0x000000076ab00000, 0x00000007c0000000, 0x00000007c0000000)
  eden space 1049600K, 99% used [0x000000076ab00000,0x00000007aabe6310,0x00000007aac00000)
  from space 87040K, 89% used [0x00000007aac00000,0x00000007af81cb30,0x00000007b0100000)
  to   space 87040K, 0% used [0x00000007bab00000,0x00000007bab00000,0x00000007c0000000)
 ParOldGen       total 1806336K, used 1806118K [0x00000006c0000000, 0x000000072e400000, 0x000000076ab00000)
  object space 1806336K, 99% used [0x00000006c0000000,0x000000072e3c9910,0x000000072e400000)
 Metaspace       used 3425K, capacity 4728K, committed 4864K, reserved 1056768K
  class space    used 358K, capacity 424K, committed 512K, reserved 1048576K
Event: 6.496 GC heap after
Heap after GC invocations=24 (full 21):
 PSYoungGen      total 1136640K, used 1127435K [0x000000076ab00000, 0x00000007c0000000, 0x00000007c0000000)
  eden space 1049600K, 99% used [0x000000076ab00000,0x00000007aabe6310,0x00000007aac00000)
  from space 87040K, 89% used [0x00000007aac00000,0x00000007af81cb30,0x00000007b0100000)
  to   space 87040K, 0% used [0x00000007bab00000,0x00000007bab00000,0x00000007c0000000)
 ParOldGen       total 1806336K, used 1806118K [0x00000006c0000000, 0x000000072e400000, 0x000000076ab00000)
  object space 1806336K, 99% used [0x00000006c0000000,0x000000072e3c9910,0x000000072e400000)
 Metaspace       used 3425K, capacity 4728K, committed 4864K, reserved 1056768K
  class space    used 358K, capacity 424K, committed 512K, reserved 1048576K
}
Event: 6.499 GC heap before
{Heap before GC invocations=25 (full 22):
 PSYoungGen      total 1136640K, used 1127435K [0x000000076ab00000, 0x00000007c0000000, 0x00000007c0000000)
  eden space 1049600K, 99% used [0x000000076ab00000,0x00000007aabe6310,0x00000007aac00000)
  from space 87040K, 89% used [0x00000007aac00000,0x00000007af81cb30,0x00000007b0100000)
  to   space 87040K, 0% used [0x00000007bab00000,0x00000007bab00000,0x00000007c0000000)
 ParOldGen       total 1814016K, used 1813619K [0x00000006c0000000, 0x000000072eb80000, 0x000000076ab00000)
  object space 1814016K, 99% used [0x00000006c0000000,0x000000072eb1cd10,0x000000072eb80000)
 Metaspace       used 3425K, capacity 4728K, committed 4864K, reserved 1056768K
  class space    used 358K, capacity 424K, committed 512K, reserved 1048576K

