# JRE version: Java(TM) SE Runtime Environment (8.0_144-b01) (build 1.8.0_144-b01)
# Java VM: Java HotSpot(TM) 64-Bit Server VM (25.144-b01 mixed mode windows-amd64 compressed oops)
Heap:
 PSYoungGen      total 272896K, used 81400K [0x00000000d5f00000, 0x00000000e7200000, 0x0000000100000000)
  eden space 265728K, 30% used [0x00000000d5f00000,0x00000000dae761c8,0x00000000e6280000)
  from space 7168K, 0% used [0x00000000e6a00000,0x00000000e6a08000,0x00000000e7100000)
  to   space 7680K, 0% used [0x00000000e6280000,0x00000000e6280000,0x00000000e6a00000)
 ParOldGen       total 87552K, used 4770K [0x0000000081c00000, 0x0000000087180000, 0x00000000d5f00000)
  object space 87552K, 5% used [0x0000000081c00000,0x00000000820a8aa0,0x0000000087180000)
 Metaspace       used 10840K, capacity 11014K, committed 11136K, reserved 1058816K
  class space    used 1318K, capacity 1364K, committed 1408K, reserved 1048576K
GC Heap History (10 events):
Event: 2.001 GC heap before
{Heap before GC invocations=4 (full 0):
 PSYoungGen      total 38400K, used 36699K [0x00000000d5f00000, 0x00000000daa00000, 0x0000000100000000)
  eden space 33280K, 100% used [0x00000000d5f00000,0x00000000d7f80000,0x00000000d7f80000)
  from space 5120K, 66% used [0x00000000d7f80000,0x00000000d82d6c18,0x00000000d8480000)
  to   space 5120K, 0% used [0x00000000da500000,0x00000000da500000,0x00000000daa00000)
 ParOldGen       total 87552K, used 1363K [0x0000000081c00000, 0x0000000087180000, 0x00000000d5f00000)
  object space 87552K, 1% used [0x0000000081c00000,0x0000000081d54db0,0x0000000087180000)
 Metaspace       used 10736K, capacity 10886K, committed 11136K, reserved 1058816K
  class space    used 1317K, capacity 1364K, committed 1408K, reserved 1048576K
Event: 2.005 GC heap after
Heap after GC invocations=4 (full 0):
 PSYoungGen      total 71680K, used 3402K [0x00000000d5f00000, 0x00000000daa00000, 0x0000000100000000)
  eden space 66560K, 0% used [0x00000000d5f00000,0x00000000d5f00000,0x00000000da000000)
  from space 5120K, 66% used [0x00000000da500000,0x00000000da852b20,0x00000000daa00000)
  to   space 5120K, 0% used [0x00000000da000000,0x00000000da000000,0x00000000da500000)
 ParOldGen       total 87552K, used 1371K [0x0000000081c00000, 0x0000000087180000, 0x00000000d5f00000)
  object space 87552K, 1% used [0x0000000081c00000,0x0000000081d56db0,0x0000000087180000)
 Metaspace       used 10736K, capacity 10886K, committed 11136K, reserved 1058816K
  class space    used 1317K, capacity 1364K, committed 1408K, reserved 1048576K
}
Event: 2.465 GC heap before
{Heap before GC invocations=5 (full 0):
 PSYoungGen      total 71680K, used 69962K [0x00000000d5f00000, 0x00000000daa00000, 0x0000000100000000)
  eden space 66560K, 100% used [0x00000000d5f00000,0x00000000da000000,0x00000000da000000)
  from space 5120K, 66% used [0x00000000da500000,0x00000000da852b20,0x00000000daa00000)
  to   space 5120K, 0% used [0x00000000da000000,0x00000000da000000,0x00000000da500000)
 ParOldGen       total 87552K, used 1371K [0x0000000081c00000, 0x0000000087180000, 0x00000000d5f00000)
  object space 87552K, 1% used [0x0000000081c00000,0x0000000081d56db0,0x0000000087180000)
 Metaspace       used 10736K, capacity 10886K, committed 11136K, reserved 1058816K
  class space    used 1317K, capacity 1364K, committed 1408K, reserved 1048576K
Event: 2.474 GC heap after
Heap after GC invocations=5 (full 0):
 PSYoungGen      total 71680K, used 3400K [0x00000000d5f00000, 0x00000000def00000, 0x0000000100000000)
  eden space 66560K, 0% used [0x00000000d5f00000,0x00000000d5f00000,0x00000000da000000)
  from space 5120K, 66% used [0x00000000da000000,0x00000000da352128,0x00000000da500000)
  to   space 7168K, 0% used [0x00000000de800000,0x00000000de800000,0x00000000def00000)
 ParOldGen       total 87552K, used 1379K [0x0000000081c00000, 0x0000000087180000, 0x00000000d5f00000)
  object space 87552K, 1% used [0x0000000081c00000,0x0000000081d58db0,0x0000000087180000)
 Metaspace       used 10736K, capacity 10886K, committed 11136K, reserved 1058816K
  class space    used 1317K, capacity 1364K, committed 1408K, reserved 1048576K
}
Event: 2.816 GC heap before
{Heap before GC invocations=6 (full 0):
 PSYoungGen      total 71680K, used 69960K [0x00000000d5f00000, 0x00000000def00000, 0x0000000100000000)
  eden space 66560K, 100% used [0x00000000d5f00000,0x00000000da000000,0x00000000da000000)
  from space 5120K, 66% used [0x00000000da000000,0x00000000da352128,0x00000000da500000)
  to   space 7168K, 0% used [0x00000000de800000,0x00000000de800000,0x00000000def00000)
 ParOldGen       total 87552K, used 1379K [0x0000000081c00000, 0x0000000087180000, 0x00000000d5f00000)
  object space 87552K, 1% used [0x0000000081c00000,0x0000000081d58db0,0x0000000087180000)
 Metaspace       used 10736K, capacity 10886K, committed 11136K, reserved 1058816K
  class space    used 1317K, capacity 1364K, committed 1408K, reserved 1048576K
Event: 2.823 GC heap after
Heap after GC invocations=6 (full 0):
 PSYoungGen      total 139264K, used 3402K [0x00000000d5f00000, 0x00000000dee00000, 0x0000000100000000)
  eden space 133120K, 0% used [0x00000000d5f00000,0x00000000d5f00000,0x00000000de100000)
  from space 6144K, 55% used [0x00000000de800000,0x00000000deb52b20,0x00000000dee00000)
  to   space 6656K, 0% used [0x00000000de100000,0x00000000de100000,0x00000000de780000)
 ParOldGen       total 87552K, used 1379K [0x0000000081c00000, 0x0000000087180000, 0x00000000d5f00000)
  object space 87552K, 1% used [0x0000000081c00000,0x0000000081d58db0,0x0000000087180000)
 Metaspace       used 10736K, capacity 10886K, committed 11136K, reserved 1058816K
  class space    used 1317K, capacity 1364K, committed 1408K, reserved 1048576K
}
Event: 3.136 GC heap before
{Heap before GC invocations=7 (full 0):
 PSYoungGen      total 139264K, used 136522K [0x00000000d5f00000, 0x00000000dee00000, 0x0000000100000000)
  eden space 133120K, 100% used [0x00000000d5f00000,0x00000000de100000,0x00000000de100000)
  from space 6144K, 55% used [0x00000000de800000,0x00000000deb52b20,0x00000000dee00000)
  to   space 6656K, 0% used [0x00000000de100000,0x00000000de100000,0x00000000de780000)
 ParOldGen       total 87552K, used 1379K [0x0000000081c00000, 0x0000000087180000, 0x00000000d5f00000)
  object space 87552K, 1% used [0x0000000081c00000,0x0000000081d58db0,0x0000000087180000)
 Metaspace       used 10737K, capacity 10886K, committed 11136K, reserved 1058816K
  class space    used 1317K, capacity 1364K, committed 1408K, reserved 1048576K
Event: 3.141 GC heap after
Heap after GC invocations=7 (full 0):
 PSYoungGen      total 139776K, used 96K [0x00000000d5f00000, 0x00000000e7100000, 0x0000000100000000)
  eden space 133120K, 0% used [0x00000000d5f00000,0x00000000d5f00000,0x00000000de100000)
  from space 6656K, 1% used [0x00000000de100000,0x00000000de118000,0x00000000de780000)
  to   space 7168K, 0% used [0x00000000e6a00000,0x00000000e6a00000,0x00000000e7100000)
 ParOldGen       total 87552K, used 4762K [0x0000000081c00000, 0x0000000087180000, 0x00000000d5f00000)
  object space 87552K, 5% used [0x0000000081c00000,0x00000000820a6aa0,0x0000000087180000)
 Metaspace       used 10737K, capacity 10886K, committed 11136K, reserved 1058816K
  class space    used 1317K, capacity 1364K, committed 1408K, reserved 1048576K
}
Event: 3.292 GC heap before
{Heap before GC invocations=8 (full 0):
 PSYoungGen      total 139776K, used 133216K [0x00000000d5f00000, 0x00000000e7100000, 0x0000000100000000)
  eden space 133120K, 100% used [0x00000000d5f00000,0x00000000de100000,0x00000000de100000)
  from space 6656K, 1% used [0x00000000de100000,0x00000000de118000,0x00000000de780000)
  to   space 7168K, 0% used [0x00000000e6a00000,0x00000000e6a00000,0x00000000e7100000)
 ParOldGen       total 87552K, used 4762K [0x0000000081c00000, 0x0000000087180000, 0x00000000d5f00000)
  object space 87552K, 5% used [0x0000000081c00000,0x00000000820a6aa0,0x0000000087180000)
 Metaspace       used 10737K, capacity 10886K, committed 11136K, reserved 1058816K
  class space    used 1317K, capacity 1364K, committed 1408K, reserved 1048576K
Event: 3.293 GC heap after
Heap after GC invocations=8 (full 0):
 PSYoungGen      total 272896K, used 32K [0x00000000d5f00000, 0x00000000e7200000, 0x0000000100000000)
  eden space 265728K, 0% used [0x00000000d5f00000,0x00000000d5f00000,0x00000000e6280000)
  from space 7168K, 0% used [0x00000000e6a00000,0x00000000e6a08000,0x00000000e7100000)
  to   space 7680K, 0% used [0x00000000e6280000,0x00000000e6280000,0x00000000e6a00000)
 ParOldGen       total 87552K, used 4770K [0x0000000081c00000, 0x0000000087180000, 0x00000000d5f00000)
  object space 87552K, 5% used [0x0000000081c00000,0x00000000820a8aa0,0x0000000087180000)
 Metaspace       used 10737K, capacity 10886K, committed 11136K, reserved 1058816K
  class space    used 1317K, capacity 1364K, committed 1408K, reserved 1048576K
}

