# JRE version: Java(TM) SE Runtime Environment (8.0_144-b01) (build 1.8.0_144-b01)
# Java VM: Java HotSpot(TM) 64-Bit Server VM (25.144-b01 mixed mode windows-amd64 compressed oops)
Heap:
 PSYoungGen      total 727040K, used 420717K [0x000000076ab00000, 0x0000000797300000, 0x00000007c0000000)
  eden space 724992K, 57% used [0x000000076ab00000,0x00000007845a35c8,0x0000000796f00000)
  from space 2048K, 10% used [0x0000000797100000,0x0000000797138000,0x0000000797300000)
  to   space 2048K, 0% used [0x0000000796f00000,0x0000000796f00000,0x0000000797100000)
 ParOldGen       total 2130432K, used 569799K [0x00000006c0000000, 0x0000000742080000, 0x000000076ab00000)
  object space 2130432K, 26% used [0x00000006c0000000,0x00000006e2c71e98,0x0000000742080000)
 Metaspace       used 21726K, capacity 22446K, committed 22912K, reserved 1069056K
  class space    used 2631K, capacity 2798K, committed 2944K, reserved 1048576K
GC Heap History (10 events):
Event: 5772.745 GC heap before
{Heap before GC invocations=8189 (full 61):
 PSYoungGen      total 720896K, used 718464K [0x000000076ab00000, 0x0000000797100000, 0x00000007c0000000)
  eden space 718336K, 100% used [0x000000076ab00000,0x0000000796880000,0x0000000796880000)
  from space 2560K, 5% used [0x0000000796880000,0x00000007968a0000,0x0000000796b00000)
  to   space 2560K, 0% used [0x0000000796e80000,0x0000000796e80000,0x0000000797100000)
 ParOldGen       total 2130432K, used 569783K [0x00000006c0000000, 0x0000000742080000, 0x000000076ab00000)
  object space 2130432K, 26% used [0x00000006c0000000,0x00000006e2c6de98,0x0000000742080000)
 Metaspace       used 21726K, capacity 22446K, committed 22912K, reserved 1069056K
  class space    used 2631K, capacity 2798K, committed 2944K, reserved 1048576K
Event: 5772.748 GC heap after
Heap after GC invocations=8189 (full 61):
 PSYoungGen      total 723456K, used 128K [0x000000076ab00000, 0x0000000797000000, 0x00000007c0000000)
  eden space 721920K, 0% used [0x000000076ab00000,0x000000076ab00000,0x0000000796c00000)
  from space 1536K, 8% used [0x0000000796e80000,0x0000000796ea0000,0x0000000797000000)
  to   space 2048K, 0% used [0x0000000796c00000,0x0000000796c00000,0x0000000796e00000)
 ParOldGen       total 2130432K, used 569783K [0x00000006c0000000, 0x0000000742080000, 0x000000076ab00000)
  object space 2130432K, 26% used [0x00000006c0000000,0x00000006e2c6de98,0x0000000742080000)
 Metaspace       used 21726K, capacity 22446K, committed 22912K, reserved 1069056K
  class space    used 2631K, capacity 2798K, committed 2944K, reserved 1048576K
}
Event: 5773.444 GC heap before
{Heap before GC invocations=8190 (full 61):
 PSYoungGen      total 723456K, used 722048K [0x000000076ab00000, 0x0000000797000000, 0x00000007c0000000)
  eden space 721920K, 100% used [0x000000076ab00000,0x0000000796c00000,0x0000000796c00000)
  from space 1536K, 8% used [0x0000000796e80000,0x0000000796ea0000,0x0000000797000000)
  to   space 2048K, 0% used [0x0000000796c00000,0x0000000796c00000,0x0000000796e00000)
 ParOldGen       total 2130432K, used 569783K [0x00000006c0000000, 0x0000000742080000, 0x000000076ab00000)
  object space 2130432K, 26% used [0x00000006c0000000,0x00000006e2c6de98,0x0000000742080000)
 Metaspace       used 21726K, capacity 22446K, committed 22912K, reserved 1069056K
  class space    used 2631K, capacity 2798K, committed 2944K, reserved 1048576K
Event: 5773.447 GC heap after
Heap after GC invocations=8190 (full 61):
 PSYoungGen      total 723968K, used 128K [0x000000076ab00000, 0x0000000797300000, 0x00000007c0000000)
  eden space 721920K, 0% used [0x000000076ab00000,0x000000076ab00000,0x0000000796c00000)
  from space 2048K, 6% used [0x0000000796c00000,0x0000000796c20000,0x0000000796e00000)
  to   space 2048K, 0% used [0x0000000797100000,0x0000000797100000,0x0000000797300000)
 ParOldGen       total 2130432K, used 569783K [0x00000006c0000000, 0x0000000742080000, 0x000000076ab00000)
  object space 2130432K, 26% used [0x00000006c0000000,0x00000006e2c6de98,0x0000000742080000)
 Metaspace       used 21726K, capacity 22446K, committed 22912K, reserved 1069056K
  class space    used 2631K, capacity 2798K, committed 2944K, reserved 1048576K
}
Event: 5774.147 GC heap before
{Heap before GC invocations=8191 (full 61):
 PSYoungGen      total 723968K, used 722048K [0x000000076ab00000, 0x0000000797300000, 0x00000007c0000000)
  eden space 721920K, 100% used [0x000000076ab00000,0x0000000796c00000,0x0000000796c00000)
  from space 2048K, 6% used [0x0000000796c00000,0x0000000796c20000,0x0000000796e00000)
  to   space 2048K, 0% used [0x0000000797100000,0x0000000797100000,0x0000000797300000)
 ParOldGen       total 2130432K, used 569783K [0x00000006c0000000, 0x0000000742080000, 0x000000076ab00000)
  object space 2130432K, 26% used [0x00000006c0000000,0x00000006e2c6de98,0x0000000742080000)
 Metaspace       used 21726K, capacity 22446K, committed 22912K, reserved 1069056K
  class space    used 2631K, capacity 2798K, committed 2944K, reserved 1048576K
Event: 5774.148 GC heap after
Heap after GC invocations=8191 (full 61):
 PSYoungGen      total 727040K, used 96K [0x000000076ab00000, 0x0000000797300000, 0x00000007c0000000)
  eden space 724992K, 0% used [0x000000076ab00000,0x000000076ab00000,0x0000000796f00000)
  from space 2048K, 4% used [0x0000000797100000,0x0000000797118000,0x0000000797300000)
  to   space 2048K, 0% used [0x0000000796f00000,0x0000000796f00000,0x0000000797100000)
 ParOldGen       total 2130432K, used 569783K [0x00000006c0000000, 0x0000000742080000, 0x000000076ab00000)
  object space 2130432K, 26% used [0x00000006c0000000,0x00000006e2c6de98,0x0000000742080000)
 Metaspace       used 21726K, capacity 22446K, committed 22912K, reserved 1069056K
  class space    used 2631K, capacity 2798K, committed 2944K, reserved 1048576K
}
Event: 5774.855 GC heap before
{Heap before GC invocations=8192 (full 61):
 PSYoungGen      total 727040K, used 725088K [0x000000076ab00000, 0x0000000797300000, 0x00000007c0000000)
  eden space 724992K, 100% used [0x000000076ab00000,0x0000000796f00000,0x0000000796f00000)
  from space 2048K, 4% used [0x0000000797100000,0x0000000797118000,0x0000000797300000)
  to   space 2048K, 0% used [0x0000000796f00000,0x0000000796f00000,0x0000000797100000)
 ParOldGen       total 2130432K, used 569783K [0x00000006c0000000, 0x0000000742080000, 0x000000076ab00000)
  object space 2130432K, 26% used [0x00000006c0000000,0x00000006e2c6de98,0x0000000742080000)
 Metaspace       used 21726K, capacity 22446K, committed 22912K, reserved 1069056K
  class space    used 2631K, capacity 2798K, committed 2944K, reserved 1048576K
Event: 5774.859 GC heap after
Heap after GC invocations=8192 (full 61):
 PSYoungGen      total 727040K, used 128K [0x000000076ab00000, 0x0000000797300000, 0x00000007c0000000)
  eden space 724992K, 0% used [0x000000076ab00000,0x000000076ab00000,0x0000000796f00000)
  from space 2048K, 6% used [0x0000000796f00000,0x0000000796f20000,0x0000000797100000)
  to   space 2048K, 0% used [0x0000000797100000,0x0000000797100000,0x0000000797300000)
 ParOldGen       total 2130432K, used 569783K [0x00000006c0000000, 0x0000000742080000, 0x000000076ab00000)
  object space 2130432K, 26% used [0x00000006c0000000,0x00000006e2c6de98,0x0000000742080000)
 Metaspace       used 21726K, capacity 22446K, committed 22912K, reserved 1069056K
  class space    used 2631K, capacity 2798K, committed 2944K, reserved 1048576K
}
Event: 5775.542 GC heap before
{Heap before GC invocations=8193 (full 61):
 PSYoungGen      total 727040K, used 725120K [0x000000076ab00000, 0x0000000797300000, 0x00000007c0000000)
  eden space 724992K, 100% used [0x000000076ab00000,0x0000000796f00000,0x0000000796f00000)
  from space 2048K, 6% used [0x0000000796f00000,0x0000000796f20000,0x0000000797100000)
  to   space 2048K, 0% used [0x0000000797100000,0x0000000797100000,0x0000000797300000)
 ParOldGen       total 2130432K, used 569783K [0x00000006c0000000, 0x0000000742080000, 0x000000076ab00000)
  object space 2130432K, 26% used [0x00000006c0000000,0x00000006e2c6de98,0x0000000742080000)
 Metaspace       used 21726K, capacity 22446K, committed 22912K, reserved 1069056K
  class space    used 2631K, capacity 2798K, committed 2944K, reserved 1048576K
Event: 5775.544 GC heap after
Heap after GC invocations=8193 (full 61):
 PSYoungGen      total 727040K, used 224K [0x000000076ab00000, 0x0000000797300000, 0x00000007c0000000)
  eden space 724992K, 0% used [0x000000076ab00000,0x000000076ab00000,0x0000000796f00000)
  from space 2048K, 10% used [0x0000000797100000,0x0000000797138000,0x0000000797300000)
  to   space 2048K, 0% used [0x0000000796f00000,0x0000000796f00000,0x0000000797100000)
 ParOldGen       total 2130432K, used 569799K [0x00000006c0000000, 0x0000000742080000, 0x000000076ab00000)
  object space 2130432K, 26% used [0x00000006c0000000,0x00000006e2c71e98,0x0000000742080000)
 Metaspace       used 21726K, capacity 22446K, committed 22912K, reserved 1069056K
  class space    used 2631K, capacity 2798K, committed 2944K, reserved 1048576K
}

