# JRE version: Java(TM) SE Runtime Environment (8.0_144-b01) (build 1.8.0_144-b01)
# Java VM: Java HotSpot(TM) 64-Bit Server VM (25.144-b01 mixed mode windows-amd64 compressed oops)
Heap:
 PSYoungGen      total 175104K, used 171164K [0x00000000d5f00000, 0x00000000fa180000, 0x0000000100000000)
  eden space 173056K, 98% used [0x00000000d5f00000,0x00000000e049f340,0x00000000e0800000)
  from space 2048K, 76% used [0x00000000f9f80000,0x00000000fa108000,0x00000000fa180000)
  to   space 6144K, 0% used [0x00000000f9580000,0x00000000f9580000,0x00000000f9b80000)
 ParOldGen       total 65024K, used 34705K [0x0000000081c00000, 0x0000000085b80000, 0x00000000d5f00000)
  object space 65024K, 53% used [0x0000000081c00000,0x0000000083de45a8,0x0000000085b80000)
 Metaspace       used 21020K, capacity 21466K, committed 21760K, reserved 1069056K
  class space    used 2611K, capacity 2758K, committed 2816K, reserved 1048576K
GC Heap History (10 events):
Event: 1431.216 GC heap before
{Heap before GC invocations=51 (full 1):
 PSYoungGen      total 215040K, used 214720K [0x00000000d5f00000, 0x00000000fb180000, 0x0000000100000000)
  eden space 212992K, 100% used [0x00000000d5f00000,0x00000000e2f00000,0x00000000e2f00000)
  from space 2048K, 84% used [0x00000000fa600000,0x00000000fa7b0000,0x00000000fa800000)
  to   space 6656K, 0% used [0x00000000fab00000,0x00000000fab00000,0x00000000fb180000)
 ParOldGen       total 65024K, used 34697K [0x0000000081c00000, 0x0000000085b80000, 0x00000000d5f00000)
  object space 65024K, 53% used [0x0000000081c00000,0x0000000083de25a8,0x0000000085b80000)
 Metaspace       used 21017K, capacity 21466K, committed 21760K, reserved 1069056K
  class space    used 2611K, capacity 2758K, committed 2816K, reserved 1048576K
Event: 1431.221 GC heap after
Heap after GC invocations=51 (full 1):
 PSYoungGen      total 206336K, used 1664K [0x00000000d5f00000, 0x00000000fad00000, 0x0000000100000000)
  eden space 204288K, 0% used [0x00000000d5f00000,0x00000000d5f00000,0x00000000e2680000)
  from space 2048K, 81% used [0x00000000fab00000,0x00000000faca0000,0x00000000fad00000)
  to   space 6656K, 0% used [0x00000000fa000000,0x00000000fa000000,0x00000000fa680000)
 ParOldGen       total 65024K, used 34697K [0x0000000081c00000, 0x0000000085b80000, 0x00000000d5f00000)
  object space 65024K, 53% used [0x0000000081c00000,0x0000000083de25a8,0x0000000085b80000)
 Metaspace       used 21017K, capacity 21466K, committed 21760K, reserved 1069056K
  class space    used 2611K, capacity 2758K, committed 2816K, reserved 1048576K
}
Event: 1481.775 GC heap before
{Heap before GC invocations=52 (full 1):
 PSYoungGen      total 206336K, used 205952K [0x00000000d5f00000, 0x00000000fad00000, 0x0000000100000000)
  eden space 204288K, 100% used [0x00000000d5f00000,0x00000000e2680000,0x00000000e2680000)
  from space 2048K, 81% used [0x00000000fab00000,0x00000000faca0000,0x00000000fad00000)
  to   space 6656K, 0% used [0x00000000fa000000,0x00000000fa000000,0x00000000fa680000)
 ParOldGen       total 65024K, used 34697K [0x0000000081c00000, 0x0000000085b80000, 0x00000000d5f00000)
  object space 65024K, 53% used [0x0000000081c00000,0x0000000083de25a8,0x0000000085b80000)
 Metaspace       used 21017K, capacity 21466K, committed 21760K, reserved 1069056K
  class space    used 2611K, capacity 2758K, committed 2816K, reserved 1048576K
Event: 1481.778 GC heap after
Heap after GC invocations=52 (full 1):
 PSYoungGen      total 198144K, used 1632K [0x00000000d5f00000, 0x00000000fab80000, 0x0000000100000000)
  eden space 196096K, 0% used [0x00000000d5f00000,0x00000000d5f00000,0x00000000e1e80000)
  from space 2048K, 79% used [0x00000000fa000000,0x00000000fa198000,0x00000000fa200000)
  to   space 6656K, 0% used [0x00000000fa500000,0x00000000fa500000,0x00000000fab80000)
 ParOldGen       total 65024K, used 34697K [0x0000000081c00000, 0x0000000085b80000, 0x00000000d5f00000)
  object space 65024K, 53% used [0x0000000081c00000,0x0000000083de25a8,0x0000000085b80000)
 Metaspace       used 21017K, capacity 21466K, committed 21760K, reserved 1069056K
  class space    used 2611K, capacity 2758K, committed 2816K, reserved 1048576K
}
Event: 1529.973 GC heap before
{Heap before GC invocations=53 (full 1):
 PSYoungGen      total 198144K, used 197728K [0x00000000d5f00000, 0x00000000fab80000, 0x0000000100000000)
  eden space 196096K, 100% used [0x00000000d5f00000,0x00000000e1e80000,0x00000000e1e80000)
  from space 2048K, 79% used [0x00000000fa000000,0x00000000fa198000,0x00000000fa200000)
  to   space 6656K, 0% used [0x00000000fa500000,0x00000000fa500000,0x00000000fab80000)
 ParOldGen       total 65024K, used 34697K [0x0000000081c00000, 0x0000000085b80000, 0x00000000d5f00000)
  object space 65024K, 53% used [0x0000000081c00000,0x0000000083de25a8,0x0000000085b80000)
 Metaspace       used 21017K, capacity 21466K, committed 21760K, reserved 1069056K
  class space    used 2611K, capacity 2758K, committed 2816K, reserved 1048576K
Event: 1529.976 GC heap after
Heap after GC invocations=53 (full 1):
 PSYoungGen      total 189440K, used 1472K [0x00000000d5f00000, 0x00000000fa680000, 0x0000000100000000)
  eden space 187904K, 0% used [0x00000000d5f00000,0x00000000d5f00000,0x00000000e1680000)
  from space 1536K, 95% used [0x00000000fa500000,0x00000000fa670000,0x00000000fa680000)
  to   space 6656K, 0% used [0x00000000f9980000,0x00000000f9980000,0x00000000fa000000)
 ParOldGen       total 65024K, used 34705K [0x0000000081c00000, 0x0000000085b80000, 0x00000000d5f00000)
  object space 65024K, 53% used [0x0000000081c00000,0x0000000083de45a8,0x0000000085b80000)
 Metaspace       used 21017K, capacity 21466K, committed 21760K, reserved 1069056K
  class space    used 2611K, capacity 2758K, committed 2816K, reserved 1048576K
}
Event: 1579.134 GC heap before
{Heap before GC invocations=54 (full 1):
 PSYoungGen      total 189440K, used 189376K [0x00000000d5f00000, 0x00000000fa680000, 0x0000000100000000)
  eden space 187904K, 100% used [0x00000000d5f00000,0x00000000e1680000,0x00000000e1680000)
  from space 1536K, 95% used [0x00000000fa500000,0x00000000fa670000,0x00000000fa680000)
  to   space 6656K, 0% used [0x00000000f9980000,0x00000000f9980000,0x00000000fa000000)
 ParOldGen       total 65024K, used 34705K [0x0000000081c00000, 0x0000000085b80000, 0x00000000d5f00000)
  object space 65024K, 53% used [0x0000000081c00000,0x0000000083de45a8,0x0000000085b80000)
 Metaspace       used 21017K, capacity 21466K, committed 21760K, reserved 1069056K
  class space    used 2611K, capacity 2758K, committed 2816K, reserved 1048576K
Event: 1579.140 GC heap after
Heap after GC invocations=54 (full 1):
 PSYoungGen      total 182272K, used 1600K [0x00000000d5f00000, 0x00000000fa580000, 0x0000000100000000)
  eden space 180224K, 0% used [0x00000000d5f00000,0x00000000d5f00000,0x00000000e0f00000)
  from space 2048K, 78% used [0x00000000f9980000,0x00000000f9b10000,0x00000000f9b80000)
  to   space 6144K, 0% used [0x00000000f9f80000,0x00000000f9f80000,0x00000000fa580000)
 ParOldGen       total 65024K, used 34705K [0x0000000081c00000, 0x0000000085b80000, 0x00000000d5f00000)
  object space 65024K, 53% used [0x0000000081c00000,0x0000000083de45a8,0x0000000085b80000)
 Metaspace       used 21017K, capacity 21466K, committed 21760K, reserved 1069056K
  class space    used 2611K, capacity 2758K, committed 2816K, reserved 1048576K
}
Event: 1629.868 GC heap before
{Heap before GC invocations=55 (full 1):
 PSYoungGen      total 182272K, used 181824K [0x00000000d5f00000, 0x00000000fa580000, 0x0000000100000000)
  eden space 180224K, 100% used [0x00000000d5f00000,0x00000000e0f00000,0x00000000e0f00000)
  from space 2048K, 78% used [0x00000000f9980000,0x00000000f9b10000,0x00000000f9b80000)
  to   space 6144K, 0% used [0x00000000f9f80000,0x00000000f9f80000,0x00000000fa580000)
 ParOldGen       total 65024K, used 34705K [0x0000000081c00000, 0x0000000085b80000, 0x00000000d5f00000)
  object space 65024K, 53% used [0x0000000081c00000,0x0000000083de45a8,0x0000000085b80000)
 Metaspace       used 21020K, capacity 21466K, committed 21760K, reserved 1069056K
  class space    used 2611K, capacity 2758K, committed 2816K, reserved 1048576K
Event: 1629.878 GC heap after
Heap after GC invocations=55 (full 1):
 PSYoungGen      total 175104K, used 1568K [0x00000000d5f00000, 0x00000000fa180000, 0x0000000100000000)
  eden space 173056K, 0% used [0x00000000d5f00000,0x00000000d5f00000,0x00000000e0800000)
  from space 2048K, 76% used [0x00000000f9f80000,0x00000000fa108000,0x00000000fa180000)
  to   space 6144K, 0% used [0x00000000f9580000,0x00000000f9580000,0x00000000f9b80000)
 ParOldGen       total 65024K, used 34705K [0x0000000081c00000, 0x0000000085b80000, 0x00000000d5f00000)
  object space 65024K, 53% used [0x0000000081c00000,0x0000000083de45a8,0x0000000085b80000)
 Metaspace       used 21020K, capacity 21466K, committed 21760K, reserved 1069056K
  class space    used 2611K, capacity 2758K, committed 2816K, reserved 1048576K
}

