# JRE version: Java(TM) SE Runtime Environment (8.0_144-b01) (build 1.8.0_144-b01)
# Java VM: Java HotSpot(TM) 64-Bit Server VM (25.144-b01 mixed mode windows-amd64 compressed oops)
Heap:
 PSYoungGen      total 1356800K, used 588137K [0x000000076ab00000, 0x00000007bfa80000, 0x00000007c0000000)
  eden space 1324544K, 44% used [0x000000076ab00000,0x000000078e541380,0x00000007bb880000)
  from space 32256K, 13% used [0x00000007bdb00000,0x00000007bdf19308,0x00000007bfa80000)
  to   space 33792K, 0% used [0x00000007bb880000,0x00000007bb880000,0x00000007bd980000)
 ParOldGen       total 1398272K, used 80499K [0x00000006c0000000, 0x0000000715580000, 0x000000076ab00000)
  object space 1398272K, 5% used [0x00000006c0000000,0x00000006c4e9ced8,0x0000000715580000)
 Metaspace       used 21404K, capacity 22116K, committed 22400K, reserved 1069056K
  class space    used 2646K, capacity 2829K, committed 2944K, reserved 1048576K
GC Heap History (10 events):
Event: 46.983 GC heap before
{Heap before GC invocations=27 (full 1):
 PSYoungGen      total 1347584K, used 1327456K [0x000000076ab00000, 0x00000007c0000000, 0x00000007c0000000)
  eden space 1306112K, 100% used [0x000000076ab00000,0x00000007ba680000,0x00000007ba680000)
  from space 41472K, 51% used [0x00000007ba680000,0x00000007bbb580c0,0x00000007bcf00000)
  to   space 42496K, 0% used [0x00000007bd680000,0x00000007bd680000,0x00000007c0000000)
 ParOldGen       total 1398272K, used 80315K [0x00000006c0000000, 0x0000000715580000, 0x000000076ab00000)
  object space 1398272K, 5% used [0x00000006c0000000,0x00000006c4e6eed8,0x0000000715580000)
 Metaspace       used 21404K, capacity 22116K, committed 22400K, reserved 1069056K
  class space    used 2646K, capacity 2829K, committed 2944K, reserved 1048576K
Event: 46.986 GC heap after
Heap after GC invocations=27 (full 1):
 PSYoungGen      total 1354240K, used 2784K [0x000000076ab00000, 0x00000007bfe00000, 0x00000007c0000000)
  eden space 1313792K, 0% used [0x000000076ab00000,0x000000076ab00000,0x00000007bae00000)
  from space 40448K, 6% used [0x00000007bd680000,0x00000007bd938010,0x00000007bfe00000)
  to   space 40960K, 0% used [0x00000007bae00000,0x00000007bae00000,0x00000007bd600000)
 ParOldGen       total 1398272K, used 80347K [0x00000006c0000000, 0x0000000715580000, 0x000000076ab00000)
  object space 1398272K, 5% used [0x00000006c0000000,0x00000006c4e76ed8,0x0000000715580000)
 Metaspace       used 21404K, capacity 22116K, committed 22400K, reserved 1069056K
  class space    used 2646K, capacity 2829K, committed 2944K, reserved 1048576K
}
Event: 48.498 GC heap before
{Heap before GC invocations=28 (full 1):
 PSYoungGen      total 1354240K, used 1316576K [0x000000076ab00000, 0x00000007bfe00000, 0x00000007c0000000)
  eden space 1313792K, 100% used [0x000000076ab00000,0x00000007bae00000,0x00000007bae00000)
  from space 40448K, 6% used [0x00000007bd680000,0x00000007bd938010,0x00000007bfe00000)
  to   space 40960K, 0% used [0x00000007bae00000,0x00000007bae00000,0x00000007bd600000)
 ParOldGen       total 1398272K, used 80347K [0x00000006c0000000, 0x0000000715580000, 0x000000076ab00000)
  object space 1398272K, 5% used [0x00000006c0000000,0x00000006c4e76ed8,0x0000000715580000)
 Metaspace       used 21404K, capacity 22116K, committed 22400K, reserved 1069056K
  class space    used 2646K, capacity 2829K, committed 2944K, reserved 1048576K
Event: 48.501 GC heap after
Heap after GC invocations=28 (full 1):
 PSYoungGen      total 1354752K, used 2624K [0x000000076ab00000, 0x00000007bfd80000, 0x00000007c0000000)
  eden space 1313792K, 0% used [0x000000076ab00000,0x000000076ab00000,0x00000007bae00000)
  from space 40960K, 6% used [0x00000007bae00000,0x00000007bb090010,0x00000007bd600000)
  to   space 39424K, 0% used [0x00000007bd700000,0x00000007bd700000,0x00000007bfd80000)
 ParOldGen       total 1398272K, used 80379K [0x00000006c0000000, 0x0000000715580000, 0x000000076ab00000)
  object space 1398272K, 5% used [0x00000006c0000000,0x00000006c4e7eed8,0x0000000715580000)
 Metaspace       used 21404K, capacity 22116K, committed 22400K, reserved 1069056K
  class space    used 2646K, capacity 2829K, committed 2944K, reserved 1048576K
}
Event: 49.784 GC heap before
{Heap before GC invocations=29 (full 1):
 PSYoungGen      total 1354752K, used 1316416K [0x000000076ab00000, 0x00000007bfd80000, 0x00000007c0000000)
  eden space 1313792K, 100% used [0x000000076ab00000,0x00000007bae00000,0x00000007bae00000)
  from space 40960K, 6% used [0x00000007bae00000,0x00000007bb090010,0x00000007bd600000)
  to   space 39424K, 0% used [0x00000007bd700000,0x00000007bd700000,0x00000007bfd80000)
 ParOldGen       total 1398272K, used 80379K [0x00000006c0000000, 0x0000000715580000, 0x000000076ab00000)
  object space 1398272K, 5% used [0x00000006c0000000,0x00000006c4e7eed8,0x0000000715580000)
 Metaspace       used 21404K, capacity 22116K, committed 22400K, reserved 1069056K
  class space    used 2646K, capacity 2829K, committed 2944K, reserved 1048576K
Event: 49.785 GC heap after
Heap after GC invocations=29 (full 1):
 PSYoungGen      total 1353728K, used 2656K [0x000000076ab00000, 0x00000007bfa80000, 0x00000007c0000000)
  eden space 1317376K, 0% used [0x000000076ab00000,0x000000076ab00000,0x00000007bb180000)
  from space 36352K, 7% used [0x00000007bd700000,0x00000007bd998010,0x00000007bfa80000)
  to   space 37376K, 0% used [0x00000007bb180000,0x00000007bb180000,0x00000007bd600000)
 ParOldGen       total 1398272K, used 80419K [0x00000006c0000000, 0x0000000715580000, 0x000000076ab00000)
  object space 1398272K, 5% used [0x00000006c0000000,0x00000006c4e88ed8,0x0000000715580000)
 Metaspace       used 21404K, capacity 22116K, committed 22400K, reserved 1069056K
  class space    used 2646K, capacity 2829K, committed 2944K, reserved 1048576K
}
Event: 51.477 GC heap before
{Heap before GC invocations=30 (full 1):
 PSYoungGen      total 1353728K, used 1320032K [0x000000076ab00000, 0x00000007bfa80000, 0x00000007c0000000)
  eden space 1317376K, 100% used [0x000000076ab00000,0x00000007bb180000,0x00000007bb180000)
  from space 36352K, 7% used [0x00000007bd700000,0x00000007bd998010,0x00000007bfa80000)
  to   space 37376K, 0% used [0x00000007bb180000,0x00000007bb180000,0x00000007bd600000)
 ParOldGen       total 1398272K, used 80419K [0x00000006c0000000, 0x0000000715580000, 0x000000076ab00000)
  object space 1398272K, 5% used [0x00000006c0000000,0x00000006c4e88ed8,0x0000000715580000)
 Metaspace       used 21404K, capacity 22116K, committed 22400K, reserved 1069056K
  class space    used 2646K, capacity 2829K, committed 2944K, reserved 1048576K
Event: 51.479 GC heap after
Heap after GC invocations=30 (full 1):
 PSYoungGen      total 1354752K, used 3008K [0x000000076ab00000, 0x00000007bfe00000, 0x00000007c0000000)
  eden space 1317376K, 0% used [0x000000076ab00000,0x000000076ab00000,0x00000007bb180000)
  from space 37376K, 8% used [0x00000007bb180000,0x00000007bb470010,0x00000007bd600000)
  to   space 35840K, 0% used [0x00000007bdb00000,0x00000007bdb00000,0x00000007bfe00000)
 ParOldGen       total 1398272K, used 80459K [0x00000006c0000000, 0x0000000715580000, 0x000000076ab00000)
  object space 1398272K, 5% used [0x00000006c0000000,0x00000006c4e92ed8,0x0000000715580000)
 Metaspace       used 21404K, capacity 22116K, committed 22400K, reserved 1069056K
  class space    used 2646K, capacity 2829K, committed 2944K, reserved 1048576K
}
Event: 53.129 GC heap before
{Heap before GC invocations=31 (full 1):
 PSYoungGen      total 1354752K, used 1320384K [0x000000076ab00000, 0x00000007bfe00000, 0x00000007c0000000)
  eden space 1317376K, 100% used [0x000000076ab00000,0x00000007bb180000,0x00000007bb180000)
  from space 37376K, 8% used [0x00000007bb180000,0x00000007bb470010,0x00000007bd600000)
  to   space 35840K, 0% used [0x00000007bdb00000,0x00000007bdb00000,0x00000007bfe00000)
 ParOldGen       total 1398272K, used 80459K [0x00000006c0000000, 0x0000000715580000, 0x000000076ab00000)
  object space 1398272K, 5% used [0x00000006c0000000,0x00000006c4e92ed8,0x0000000715580000)
 Metaspace       used 21404K, capacity 22116K, committed 22400K, reserved 1069056K
  class space    used 2646K, capacity 2829K, committed 2944K, reserved 1048576K
Event: 53.132 GC heap after
Heap after GC invocations=31 (full 1):
 PSYoungGen      total 1356800K, used 4196K [0x000000076ab00000, 0x00000007bfa80000, 0x00000007c0000000)
  eden space 1324544K, 0% used [0x000000076ab00000,0x000000076ab00000,0x00000007bb880000)
  from space 32256K, 13% used [0x00000007bdb00000,0x00000007bdf19308,0x00000007bfa80000)
  to   space 33792K, 0% used [0x00000007bb880000,0x00000007bb880000,0x00000007bd980000)
 ParOldGen       total 1398272K, used 80499K [0x00000006c0000000, 0x0000000715580000, 0x000000076ab00000)
  object space 1398272K, 5% used [0x00000006c0000000,0x00000006c4e9ced8,0x0000000715580000)
 Metaspace       used 21404K, capacity 22116K, committed 22400K, reserved 1069056K
  class space    used 2646K, capacity 2829K, committed 2944K, reserved 1048576K
}

