# JRE version: Java(TM) SE Runtime Environment (8.0_144-b01) (build 1.8.0_144-b01)
# Java VM: Java HotSpot(TM) 64-Bit Server VM (25.144-b01 mixed mode windows-amd64 compressed oops)
Heap:
 PSYoungGen      total 411648K, used 411643K [0x00000000d5f00000, 0x00000000fb180000, 0x0000000100000000)
  eden space 406016K, 100% used [0x00000000d5f00000,0x00000000eeb80000,0x00000000eeb80000)
  from space 5632K, 99% used [0x00000000fac00000,0x00000000fb17ede0,0x00000000fb180000)
  to   space 11264K, 0% used [0x00000000f9b80000,0x00000000f9b80000,0x00000000fa680000)
 ParOldGen       total 93184K, used 67346K [0x0000000081c00000, 0x0000000087700000, 0x00000000d5f00000)
  object space 93184K, 72% used [0x0000000081c00000,0x0000000085dc4880,0x0000000087700000)
 Metaspace       used 21089K, capacity 21496K, committed 21760K, reserved 1069056K
  class space    used 2604K, capacity 2749K, committed 2816K, reserved 1048576K
GC Heap History (10 events):
Event: 1069.045 GC heap before
{Heap before GC invocations=27 (full 1):
 PSYoungGen      total 518144K, used 517999K [0x00000000d5f00000, 0x00000000fd080000, 0x0000000100000000)
  eden space 512000K, 100% used [0x00000000d5f00000,0x00000000f5300000,0x00000000f5300000)
  from space 6144K, 97% used [0x00000000fb980000,0x00000000fbf5bd10,0x00000000fbf80000)
  to   space 13824K, 0% used [0x00000000fc300000,0x00000000fc300000,0x00000000fd080000)
 ParOldGen       total 93184K, used 67314K [0x0000000081c00000, 0x0000000087700000, 0x00000000d5f00000)
  object space 93184K, 72% used [0x0000000081c00000,0x0000000085dbc880,0x0000000087700000)
 Metaspace       used 21068K, capacity 21496K, committed 21760K, reserved 1069056K
  class space    used 2604K, capacity 2749K, committed 2816K, reserved 1048576K
Event: 1069.061 GC heap after
Heap after GC invocations=27 (full 1):
 PSYoungGen      total 495104K, used 6290K [0x00000000d5f00000, 0x00000000fc980000, 0x0000000100000000)
  eden space 488448K, 0% used [0x00000000d5f00000,0x00000000d5f00000,0x00000000f3c00000)
  from space 6656K, 94% used [0x00000000fc300000,0x00000000fc924938,0x00000000fc980000)
  to   space 13312K, 0% used [0x00000000faf80000,0x00000000faf80000,0x00000000fbc80000)
 ParOldGen       total 93184K, used 67322K [0x0000000081c00000, 0x0000000087700000, 0x00000000d5f00000)
  object space 93184K, 72% used [0x0000000081c00000,0x0000000085dbe880,0x0000000087700000)
 Metaspace       used 21068K, capacity 21496K, committed 21760K, reserved 1069056K
  class space    used 2604K, capacity 2749K, committed 2816K, reserved 1048576K
}
Event: 1193.862 GC heap before
{Heap before GC invocations=28 (full 1):
 PSYoungGen      total 495104K, used 494738K [0x00000000d5f00000, 0x00000000fc980000, 0x0000000100000000)
  eden space 488448K, 100% used [0x00000000d5f00000,0x00000000f3c00000,0x00000000f3c00000)
  from space 6656K, 94% used [0x00000000fc300000,0x00000000fc924938,0x00000000fc980000)
  to   space 13312K, 0% used [0x00000000faf80000,0x00000000faf80000,0x00000000fbc80000)
 ParOldGen       total 93184K, used 67322K [0x0000000081c00000, 0x0000000087700000, 0x00000000d5f00000)
  object space 93184K, 72% used [0x0000000081c00000,0x0000000085dbe880,0x0000000087700000)
 Metaspace       used 21070K, capacity 21496K, committed 21760K, reserved 1069056K
  class space    used 2604K, capacity 2749K, committed 2816K, reserved 1048576K
Event: 1193.880 GC heap after
Heap after GC invocations=28 (full 1):
 PSYoungGen      total 472064K, used 5718K [0x00000000d5f00000, 0x00000000fc380000, 0x0000000100000000)
  eden space 465920K, 0% used [0x00000000d5f00000,0x00000000d5f00000,0x00000000f2600000)
  from space 6144K, 93% used [0x00000000faf80000,0x00000000fb515b68,0x00000000fb580000)
  to   space 12800K, 0% used [0x00000000fb700000,0x00000000fb700000,0x00000000fc380000)
 ParOldGen       total 93184K, used 67330K [0x0000000081c00000, 0x0000000087700000, 0x00000000d5f00000)
  object space 93184K, 72% used [0x0000000081c00000,0x0000000085dc0880,0x0000000087700000)
 Metaspace       used 21070K, capacity 21496K, committed 21760K, reserved 1069056K
  class space    used 2604K, capacity 2749K, committed 2816K, reserved 1048576K
}
Event: 1284.909 GC heap before
{Heap before GC invocations=29 (full 1):
 PSYoungGen      total 472064K, used 471638K [0x00000000d5f00000, 0x00000000fc380000, 0x0000000100000000)
  eden space 465920K, 100% used [0x00000000d5f00000,0x00000000f2600000,0x00000000f2600000)
  from space 6144K, 93% used [0x00000000faf80000,0x00000000fb515b68,0x00000000fb580000)
  to   space 12800K, 0% used [0x00000000fb700000,0x00000000fb700000,0x00000000fc380000)
 ParOldGen       total 93184K, used 67330K [0x0000000081c00000, 0x0000000087700000, 0x00000000d5f00000)
  object space 93184K, 72% used [0x0000000081c00000,0x0000000085dc0880,0x0000000087700000)
 Metaspace       used 21074K, capacity 21496K, committed 21760K, reserved 1069056K
  class space    used 2604K, capacity 2749K, committed 2816K, reserved 1048576K
Event: 1284.931 GC heap after
Heap after GC invocations=29 (full 1):
 PSYoungGen      total 451072K, used 5970K [0x00000000d5f00000, 0x00000000fbd00000, 0x0000000100000000)
  eden space 444928K, 0% used [0x00000000d5f00000,0x00000000d5f00000,0x00000000f1180000)
  from space 6144K, 97% used [0x00000000fb700000,0x00000000fbcd4938,0x00000000fbd00000)
  to   space 11776K, 0% used [0x00000000fa600000,0x00000000fa600000,0x00000000fb180000)
 ParOldGen       total 93184K, used 67330K [0x0000000081c00000, 0x0000000087700000, 0x00000000d5f00000)
  object space 93184K, 72% used [0x0000000081c00000,0x0000000085dc0880,0x0000000087700000)
 Metaspace       used 21074K, capacity 21496K, committed 21760K, reserved 1069056K
  class space    used 2604K, capacity 2749K, committed 2816K, reserved 1048576K
}
Event: 1419.827 GC heap before
{Heap before GC invocations=30 (full 1):
 PSYoungGen      total 451072K, used 450898K [0x00000000d5f00000, 0x00000000fbd00000, 0x0000000100000000)
  eden space 444928K, 100% used [0x00000000d5f00000,0x00000000f1180000,0x00000000f1180000)
  from space 6144K, 97% used [0x00000000fb700000,0x00000000fbcd4938,0x00000000fbd00000)
  to   space 11776K, 0% used [0x00000000fa600000,0x00000000fa600000,0x00000000fb180000)
 ParOldGen       total 93184K, used 67330K [0x0000000081c00000, 0x0000000087700000, 0x00000000d5f00000)
  object space 93184K, 72% used [0x0000000081c00000,0x0000000085dc0880,0x0000000087700000)
 Metaspace       used 21075K, capacity 21496K, committed 21760K, reserved 1069056K
  class space    used 2604K, capacity 2749K, committed 2816K, reserved 1048576K
Event: 1419.833 GC heap after
Heap after GC invocations=30 (full 1):
 PSYoungGen      total 430592K, used 5366K [0x00000000d5f00000, 0x00000000fb780000, 0x0000000100000000)
  eden space 424960K, 0% used [0x00000000d5f00000,0x00000000d5f00000,0x00000000efe00000)
  from space 5632K, 95% used [0x00000000fa600000,0x00000000fab3db68,0x00000000fab80000)
  to   space 11776K, 0% used [0x00000000fac00000,0x00000000fac00000,0x00000000fb780000)
 ParOldGen       total 93184K, used 67338K [0x0000000081c00000, 0x0000000087700000, 0x00000000d5f00000)
  object space 93184K, 72% used [0x0000000081c00000,0x0000000085dc2880,0x0000000087700000)
 Metaspace       used 21075K, capacity 21496K, committed 21760K, reserved 1069056K
  class space    used 2604K, capacity 2749K, committed 2816K, reserved 1048576K
}
Event: 1522.183 GC heap before
{Heap before GC invocations=31 (full 1):
 PSYoungGen      total 430592K, used 430326K [0x00000000d5f00000, 0x00000000fb780000, 0x0000000100000000)
  eden space 424960K, 100% used [0x00000000d5f00000,0x00000000efe00000,0x00000000efe00000)
  from space 5632K, 95% used [0x00000000fa600000,0x00000000fab3db68,0x00000000fab80000)
  to   space 11776K, 0% used [0x00000000fac00000,0x00000000fac00000,0x00000000fb780000)
 ParOldGen       total 93184K, used 67338K [0x0000000081c00000, 0x0000000087700000, 0x00000000d5f00000)
  object space 93184K, 72% used [0x0000000081c00000,0x0000000085dc2880,0x0000000087700000)
 Metaspace       used 21077K, capacity 21496K, committed 21760K, reserved 1069056K
  class space    used 2604K, capacity 2749K, committed 2816K, reserved 1048576K
Event: 1522.200 GC heap after
Heap after GC invocations=31 (full 1):
 PSYoungGen      total 411648K, used 5627K [0x00000000d5f00000, 0x00000000fb180000, 0x0000000100000000)
  eden space 406016K, 0% used [0x00000000d5f00000,0x00000000d5f00000,0x00000000eeb80000)
  from space 5632K, 99% used [0x00000000fac00000,0x00000000fb17ede0,0x00000000fb180000)
  to   space 11264K, 0% used [0x00000000f9b80000,0x00000000f9b80000,0x00000000fa680000)
 ParOldGen       total 93184K, used 67346K [0x0000000081c00000, 0x0000000087700000, 0x00000000d5f00000)
  object space 93184K, 72% used [0x0000000081c00000,0x0000000085dc4880,0x0000000087700000)
 Metaspace       used 21077K, capacity 21496K, committed 21760K, reserved 1069056K
  class space    used 2604K, capacity 2749K, committed 2816K, reserved 1048576K
}

