# JRE version: Java(TM) SE Runtime Environment (8.0_144-b01) (build 1.8.0_144-b01)
# Java VM: Java HotSpot(TM) 64-Bit Server VM (25.144-b01 mixed mode windows-amd64 compressed oops)
Heap:
 PSYoungGen      total 1393152K, used 1021058K [0x000000076ab00000, 0x00000007c0000000, 0x00000007c0000000)
  eden space 1388544K, 73% used [0x000000076ab00000,0x00000007a8ef0850,0x00000007bf700000)
  from space 4608K, 26% used [0x00000007bf700000,0x00000007bf830000,0x00000007bfb80000)
  to   space 4608K, 0% used [0x00000007bfb80000,0x00000007bfb80000,0x00000007c0000000)
 ParOldGen       total 1682944K, used 1331845K [0x00000006c0000000, 0x0000000726b80000, 0x000000076ab00000)
  object space 1682944K, 79% used [0x00000006c0000000,0x00000007114a1700,0x0000000726b80000)
 Metaspace       used 23136K, capacity 23946K, committed 24064K, reserved 1071104K
  class space    used 2820K, capacity 3009K, committed 3072K, reserved 1048576K
GC Heap History (10 events):
Event: 10914.223 GC heap before
{Heap before GC invocations=9023 (full 2):
 PSYoungGen      total 1392640K, used 1388224K [0x000000076ab00000, 0x00000007c0000000, 0x00000007c0000000)
  eden space 1387520K, 100% used [0x000000076ab00000,0x00000007bf600000,0x00000007bf600000)
  from space 5120K, 13% used [0x00000007bfb00000,0x00000007bfbb0000,0x00000007c0000000)
  to   space 5120K, 0% used [0x00000007bf600000,0x00000007bf600000,0x00000007bfb00000)
 ParOldGen       total 1682944K, used 1331813K [0x00000006c0000000, 0x0000000726b80000, 0x000000076ab00000)
  object space 1682944K, 79% used [0x00000006c0000000,0x0000000711499700,0x0000000726b80000)
 Metaspace       used 21761K, capacity 22446K, committed 22912K, reserved 1069056K
  class space    used 2634K, capacity 2798K, committed 2944K, reserved 1048576K
Event: 10914.232 GC heap after
Heap after GC invocations=9023 (full 2):
 PSYoungGen      total 1388544K, used 704K [0x000000076ab00000, 0x00000007bff00000, 0x00000007c0000000)
  eden space 1387520K, 0% used [0x000000076ab00000,0x000000076ab00000,0x00000007bf600000)
  from space 1024K, 68% used [0x00000007bf600000,0x00000007bf6b0000,0x00000007bf700000)
  to   space 4608K, 0% used [0x00000007bfa80000,0x00000007bfa80000,0x00000007bff00000)
 ParOldGen       total 1682944K, used 1331829K [0x00000006c0000000, 0x0000000726b80000, 0x000000076ab00000)
  object space 1682944K, 79% used [0x00000006c0000000,0x000000071149d700,0x0000000726b80000)
 Metaspace       used 21761K, capacity 22446K, committed 22912K, reserved 1069056K
  class space    used 2634K, capacity 2798K, committed 2944K, reserved 1048576K
}
Event: 10915.470 GC heap before
{Heap before GC invocations=9024 (full 2):
 PSYoungGen      total 1388544K, used 1388224K [0x000000076ab00000, 0x00000007bff00000, 0x00000007c0000000)
  eden space 1387520K, 100% used [0x000000076ab00000,0x00000007bf600000,0x00000007bf600000)
  from space 1024K, 68% used [0x00000007bf600000,0x00000007bf6b0000,0x00000007bf700000)
  to   space 4608K, 0% used [0x00000007bfa80000,0x00000007bfa80000,0x00000007bff00000)
 ParOldGen       total 1682944K, used 1331829K [0x00000006c0000000, 0x0000000726b80000, 0x000000076ab00000)
  object space 1682944K, 79% used [0x00000006c0000000,0x000000071149d700,0x0000000726b80000)
 Metaspace       used 21761K, capacity 22446K, committed 22912K, reserved 1069056K
  class space    used 2634K, capacity 2798K, committed 2944K, reserved 1048576K
Event: 10915.474 GC heap after
Heap after GC invocations=9024 (full 2):
 PSYoungGen      total 1392128K, used 672K [0x000000076ab00000, 0x00000007c0000000, 0x00000007c0000000)
  eden space 1387520K, 0% used [0x000000076ab00000,0x000000076ab00000,0x00000007bf600000)
  from space 4608K, 14% used [0x00000007bfa80000,0x00000007bfb28000,0x00000007bff00000)
  to   space 4608K, 0% used [0x00000007bf600000,0x00000007bf600000,0x00000007bfa80000)
 ParOldGen       total 1682944K, used 1331829K [0x00000006c0000000, 0x0000000726b80000, 0x000000076ab00000)
  object space 1682944K, 79% used [0x00000006c0000000,0x000000071149d700,0x0000000726b80000)
 Metaspace       used 21761K, capacity 22446K, committed 22912K, reserved 1069056K
  class space    used 2634K, capacity 2798K, committed 2944K, reserved 1048576K
}
Event: 10916.701 GC heap before
{Heap before GC invocations=9025 (full 2):
 PSYoungGen      total 1392128K, used 1388192K [0x000000076ab00000, 0x00000007c0000000, 0x00000007c0000000)
  eden space 1387520K, 100% used [0x000000076ab00000,0x00000007bf600000,0x00000007bf600000)
  from space 4608K, 14% used [0x00000007bfa80000,0x00000007bfb28000,0x00000007bff00000)
  to   space 4608K, 0% used [0x00000007bf600000,0x00000007bf600000,0x00000007bfa80000)
 ParOldGen       total 1682944K, used 1331829K [0x00000006c0000000, 0x0000000726b80000, 0x000000076ab00000)
  object space 1682944K, 79% used [0x00000006c0000000,0x000000071149d700,0x0000000726b80000)
 Metaspace       used 21761K, capacity 22446K, committed 22912K, reserved 1069056K
  class space    used 2634K, capacity 2798K, committed 2944K, reserved 1048576K
Event: 10916.710 GC heap after
Heap after GC invocations=9025 (full 2):
 PSYoungGen      total 1392128K, used 640K [0x000000076ab00000, 0x00000007c0000000, 0x00000007c0000000)
  eden space 1387520K, 0% used [0x000000076ab00000,0x000000076ab00000,0x00000007bf600000)
  from space 4608K, 13% used [0x00000007bf600000,0x00000007bf6a0000,0x00000007bfa80000)
  to   space 4608K, 0% used [0x00000007bfb80000,0x00000007bfb80000,0x00000007c0000000)
 ParOldGen       total 1682944K, used 1331829K [0x00000006c0000000, 0x0000000726b80000, 0x000000076ab00000)
  object space 1682944K, 79% used [0x00000006c0000000,0x000000071149d700,0x0000000726b80000)
 Metaspace       used 21761K, capacity 22446K, committed 22912K, reserved 1069056K
  class space    used 2634K, capacity 2798K, committed 2944K, reserved 1048576K
}
Event: 10918.024 GC heap before
{Heap before GC invocations=9026 (full 2):
 PSYoungGen      total 1392128K, used 1388160K [0x000000076ab00000, 0x00000007c0000000, 0x00000007c0000000)
  eden space 1387520K, 100% used [0x000000076ab00000,0x00000007bf600000,0x00000007bf600000)
  from space 4608K, 13% used [0x00000007bf600000,0x00000007bf6a0000,0x00000007bfa80000)
  to   space 4608K, 0% used [0x00000007bfb80000,0x00000007bfb80000,0x00000007c0000000)
 ParOldGen       total 1682944K, used 1331829K [0x00000006c0000000, 0x0000000726b80000, 0x000000076ab00000)
  object space 1682944K, 79% used [0x00000006c0000000,0x000000071149d700,0x0000000726b80000)
 Metaspace       used 21761K, capacity 22446K, committed 22912K, reserved 1069056K
  class space    used 2634K, capacity 2798K, committed 2944K, reserved 1048576K
Event: 10918.029 GC heap after
Heap after GC invocations=9026 (full 2):
 PSYoungGen      total 1393152K, used 3136K [0x000000076ab00000, 0x00000007c0000000, 0x00000007c0000000)
  eden space 1388544K, 0% used [0x000000076ab00000,0x000000076ab00000,0x00000007bf700000)
  from space 4608K, 68% used [0x00000007bfb80000,0x00000007bfe90000,0x00000007c0000000)
  to   space 4608K, 0% used [0x00000007bf700000,0x00000007bf700000,0x00000007bfb80000)
 ParOldGen       total 1682944K, used 1331845K [0x00000006c0000000, 0x0000000726b80000, 0x000000076ab00000)
  object space 1682944K, 79% used [0x00000006c0000000,0x00000007114a1700,0x0000000726b80000)
 Metaspace       used 21761K, capacity 22446K, committed 22912K, reserved 1069056K
  class space    used 2634K, capacity 2798K, committed 2944K, reserved 1048576K
}
Event: 10919.436 GC heap before
{Heap before GC invocations=9027 (full 2):
 PSYoungGen      total 1393152K, used 1391680K [0x000000076ab00000, 0x00000007c0000000, 0x00000007c0000000)
  eden space 1388544K, 100% used [0x000000076ab00000,0x00000007bf700000,0x00000007bf700000)
  from space 4608K, 68% used [0x00000007bfb80000,0x00000007bfe90000,0x00000007c0000000)
  to   space 4608K, 0% used [0x00000007bf700000,0x00000007bf700000,0x00000007bfb80000)
 ParOldGen       total 1682944K, used 1331845K [0x00000006c0000000, 0x0000000726b80000, 0x000000076ab00000)
  object space 1682944K, 79% used [0x00000006c0000000,0x00000007114a1700,0x0000000726b80000)
 Metaspace       used 23112K, capacity 23928K, committed 24064K, reserved 1071104K
  class space    used 2817K, capacity 3006K, committed 3072K, reserved 1048576K
Event: 10919.453 GC heap after
Heap after GC invocations=9027 (full 2):
 PSYoungGen      total 1393152K, used 1216K [0x000000076ab00000, 0x00000007c0000000, 0x00000007c0000000)
  eden space 1388544K, 0% used [0x000000076ab00000,0x000000076ab00000,0x00000007bf700000)
  from space 4608K, 26% used [0x00000007bf700000,0x00000007bf830000,0x00000007bfb80000)
  to   space 4608K, 0% used [0x00000007bfb80000,0x00000007bfb80000,0x00000007c0000000)
 ParOldGen       total 1682944K, used 1331845K [0x00000006c0000000, 0x0000000726b80000, 0x000000076ab00000)
  object space 1682944K, 79% used [0x00000006c0000000,0x00000007114a1700,0x0000000726b80000)
 Metaspace       used 23112K, capacity 23928K, committed 24064K, reserved 1071104K
  class space    used 2817K, capacity 3006K, committed 3072K, reserved 1048576K
}

