# JRE version: Java(TM) SE Runtime Environment (8.0_144-b01) (build 1.8.0_144-b01)
# Java VM: Java HotSpot(TM) 64-Bit Server VM (25.144-b01 mixed mode windows-amd64 compressed oops)
Heap:
 PSYoungGen      total 76288K, used 64745K [0x00000000d5f00000, 0x00000000dab00000, 0x0000000100000000)
  eden space 74752K, 86% used [0x00000000d5f00000,0x00000000d9dca468,0x00000000da800000)
  from space 1536K, 29% used [0x00000000da880000,0x00000000da8f0000,0x00000000daa00000)
  to   space 1024K, 0% used [0x00000000daa00000,0x00000000daa00000,0x00000000dab00000)
 ParOldGen       total 1097728K, used 625307K [0x0000000081c00000, 0x00000000c4c00000, 0x00000000d5f00000)
  object space 1097728K, 56% used [0x0000000081c00000,0x00000000a7ea6e48,0x00000000c4c00000)
 Metaspace       used 21721K, capacity 22388K, committed 22656K, reserved 1069056K
  class space    used 2648K, capacity 2831K, committed 2944K, reserved 1048576K
GC Heap History (10 events):
Event: 660.831 GC heap before
{Heap before GC invocations=818 (full 49):
 PSYoungGen      total 78336K, used 77728K [0x00000000d5f00000, 0x00000000dad80000, 0x0000000100000000)
  eden space 77312K, 100% used [0x00000000d5f00000,0x00000000daa80000,0x00000000daa80000)
  from space 1024K, 40% used [0x00000000dac80000,0x00000000dace8000,0x00000000dad80000)
  to   space 1536K, 0% used [0x00000000daa80000,0x00000000daa80000,0x00000000dac00000)
 ParOldGen       total 1097728K, used 625307K [0x0000000081c00000, 0x00000000c4c00000, 0x00000000d5f00000)
  object space 1097728K, 56% used [0x0000000081c00000,0x00000000a7ea6e48,0x00000000c4c00000)
 Metaspace       used 21720K, capacity 22388K, committed 22656K, reserved 1069056K
  class space    used 2648K, capacity 2831K, committed 2944K, reserved 1048576K
Event: 660.834 GC heap after
Heap after GC invocations=818 (full 49):
 PSYoungGen      total 77312K, used 448K [0x00000000d5f00000, 0x00000000dad00000, 0x0000000100000000)
  eden space 76800K, 0% used [0x00000000d5f00000,0x00000000d5f00000,0x00000000daa00000)
  from space 512K, 87% used [0x00000000daa80000,0x00000000daaf0000,0x00000000dab00000)
  to   space 1536K, 0% used [0x00000000dab80000,0x00000000dab80000,0x00000000dad00000)
 ParOldGen       total 1097728K, used 625307K [0x0000000081c00000, 0x00000000c4c00000, 0x00000000d5f00000)
  object space 1097728K, 56% used [0x0000000081c00000,0x00000000a7ea6e48,0x00000000c4c00000)
 Metaspace       used 21720K, capacity 22388K, committed 22656K, reserved 1069056K
  class space    used 2648K, capacity 2831K, committed 2944K, reserved 1048576K
}
Event: 661.195 GC heap before
{Heap before GC invocations=819 (full 49):
 PSYoungGen      total 77312K, used 77248K [0x00000000d5f00000, 0x00000000dad00000, 0x0000000100000000)
  eden space 76800K, 100% used [0x00000000d5f00000,0x00000000daa00000,0x00000000daa00000)
  from space 512K, 87% used [0x00000000daa80000,0x00000000daaf0000,0x00000000dab00000)
  to   space 1536K, 0% used [0x00000000dab80000,0x00000000dab80000,0x00000000dad00000)
 ParOldGen       total 1097728K, used 625307K [0x0000000081c00000, 0x00000000c4c00000, 0x00000000d5f00000)
  object space 1097728K, 56% used [0x0000000081c00000,0x00000000a7ea6e48,0x00000000c4c00000)
 Metaspace       used 21720K, capacity 22388K, committed 22656K, reserved 1069056K
  class space    used 2648K, capacity 2831K, committed 2944K, reserved 1048576K
Event: 661.197 GC heap after
Heap after GC invocations=819 (full 49):
 PSYoungGen      total 77312K, used 448K [0x00000000d5f00000, 0x00000000dac80000, 0x0000000100000000)
  eden space 76288K, 0% used [0x00000000d5f00000,0x00000000d5f00000,0x00000000da980000)
  from space 1024K, 43% used [0x00000000dab80000,0x00000000dabf0000,0x00000000dac80000)
  to   space 1536K, 0% used [0x00000000da980000,0x00000000da980000,0x00000000dab00000)
 ParOldGen       total 1097728K, used 625307K [0x0000000081c00000, 0x00000000c4c00000, 0x00000000d5f00000)
  object space 1097728K, 56% used [0x0000000081c00000,0x00000000a7ea6e48,0x00000000c4c00000)
 Metaspace       used 21720K, capacity 22388K, committed 22656K, reserved 1069056K
  class space    used 2648K, capacity 2831K, committed 2944K, reserved 1048576K
}
Event: 661.553 GC heap before
{Heap before GC invocations=820 (full 49):
 PSYoungGen      total 77312K, used 76736K [0x00000000d5f00000, 0x00000000dac80000, 0x0000000100000000)
  eden space 76288K, 100% used [0x00000000d5f00000,0x00000000da980000,0x00000000da980000)
  from space 1024K, 43% used [0x00000000dab80000,0x00000000dabf0000,0x00000000dac80000)
  to   space 1536K, 0% used [0x00000000da980000,0x00000000da980000,0x00000000dab00000)
 ParOldGen       total 1097728K, used 625307K [0x0000000081c00000, 0x00000000c4c00000, 0x00000000d5f00000)
  object space 1097728K, 56% used [0x0000000081c00000,0x00000000a7ea6e48,0x00000000c4c00000)
 Metaspace       used 21720K, capacity 22388K, committed 22656K, reserved 1069056K
  class space    used 2648K, capacity 2831K, committed 2944K, reserved 1048576K
Event: 661.556 GC heap after
Heap after GC invocations=820 (full 49):
 PSYoungGen      total 76288K, used 416K [0x00000000d5f00000, 0x00000000dac00000, 0x0000000100000000)
  eden space 75776K, 0% used [0x00000000d5f00000,0x00000000d5f00000,0x00000000da900000)
  from space 512K, 81% used [0x00000000da980000,0x00000000da9e8000,0x00000000daa00000)
  to   space 1536K, 0% used [0x00000000daa80000,0x00000000daa80000,0x00000000dac00000)
 ParOldGen       total 1097728K, used 625307K [0x0000000081c00000, 0x00000000c4c00000, 0x00000000d5f00000)
  object space 1097728K, 56% used [0x0000000081c00000,0x00000000a7ea6e48,0x00000000c4c00000)
 Metaspace       used 21720K, capacity 22388K, committed 22656K, reserved 1069056K
  class space    used 2648K, capacity 2831K, committed 2944K, reserved 1048576K
}
Event: 661.897 GC heap before
{Heap before GC invocations=821 (full 49):
 PSYoungGen      total 76288K, used 76192K [0x00000000d5f00000, 0x00000000dac00000, 0x0000000100000000)
  eden space 75776K, 100% used [0x00000000d5f00000,0x00000000da900000,0x00000000da900000)
  from space 512K, 81% used [0x00000000da980000,0x00000000da9e8000,0x00000000daa00000)
  to   space 1536K, 0% used [0x00000000daa80000,0x00000000daa80000,0x00000000dac00000)
 ParOldGen       total 1097728K, used 625307K [0x0000000081c00000, 0x00000000c4c00000, 0x00000000d5f00000)
  object space 1097728K, 56% used [0x0000000081c00000,0x00000000a7ea6e48,0x00000000c4c00000)
 Metaspace       used 21720K, capacity 22388K, committed 22656K, reserved 1069056K
  class space    used 2648K, capacity 2831K, committed 2944K, reserved 1048576K
Event: 661.900 GC heap after
Heap after GC invocations=821 (full 49):
 PSYoungGen      total 76288K, used 416K [0x00000000d5f00000, 0x00000000dab80000, 0x0000000100000000)
  eden space 75264K, 0% used [0x00000000d5f00000,0x00000000d5f00000,0x00000000da880000)
  from space 1024K, 40% used [0x00000000daa80000,0x00000000daae8000,0x00000000dab80000)
  to   space 1536K, 0% used [0x00000000da880000,0x00000000da880000,0x00000000daa00000)
 ParOldGen       total 1097728K, used 625307K [0x0000000081c00000, 0x00000000c4c00000, 0x00000000d5f00000)
  object space 1097728K, 56% used [0x0000000081c00000,0x00000000a7ea6e48,0x00000000c4c00000)
 Metaspace       used 21720K, capacity 22388K, committed 22656K, reserved 1069056K
  class space    used 2648K, capacity 2831K, committed 2944K, reserved 1048576K
}
Event: 662.264 GC heap before
{Heap before GC invocations=822 (full 49):
 PSYoungGen      total 76288K, used 75680K [0x00000000d5f00000, 0x00000000dab80000, 0x0000000100000000)
  eden space 75264K, 100% used [0x00000000d5f00000,0x00000000da880000,0x00000000da880000)
  from space 1024K, 40% used [0x00000000daa80000,0x00000000daae8000,0x00000000dab80000)
  to   space 1536K, 0% used [0x00000000da880000,0x00000000da880000,0x00000000daa00000)
 ParOldGen       total 1097728K, used 625307K [0x0000000081c00000, 0x00000000c4c00000, 0x00000000d5f00000)
  object space 1097728K, 56% used [0x0000000081c00000,0x00000000a7ea6e48,0x00000000c4c00000)
 Metaspace       used 21720K, capacity 22388K, committed 22656K, reserved 1069056K
  class space    used 2648K, capacity 2831K, committed 2944K, reserved 1048576K
Event: 662.267 GC heap after
Heap after GC invocations=822 (full 49):
 PSYoungGen      total 76288K, used 448K [0x00000000d5f00000, 0x00000000dab00000, 0x0000000100000000)
  eden space 74752K, 0% used [0x00000000d5f00000,0x00000000d5f00000,0x00000000da800000)
  from space 1536K, 29% used [0x00000000da880000,0x00000000da8f0000,0x00000000daa00000)
  to   space 1024K, 0% used [0x00000000daa00000,0x00000000daa00000,0x00000000dab00000)
 ParOldGen       total 1097728K, used 625307K [0x0000000081c00000, 0x00000000c4c00000, 0x00000000d5f00000)
  object space 1097728K, 56% used [0x0000000081c00000,0x00000000a7ea6e48,0x00000000c4c00000)
 Metaspace       used 21720K, capacity 22388K, committed 22656K, reserved 1069056K
  class space    used 2648K, capacity 2831K, committed 2944K, reserved 1048576K
}

