# JRE version: Java(TM) SE Runtime Environment (8.0_144-b01) (build 1.8.0_144-b01)
# Java VM: Java HotSpot(TM) 64-Bit Server VM (25.144-b01 mixed mode windows-amd64 compressed oops)
Heap:
 PSYoungGen      total 155136K, used 38549K [0x00000000d5f00000, 0x00000000e0400000, 0x0000000100000000)
  eden space 142336K, 18% used [0x00000000d5f00000,0x00000000d78283f8,0x00000000dea00000)
  from space 12800K, 99% used [0x00000000df780000,0x00000000e03fd0c0,0x00000000e0400000)
  to   space 13312K, 0% used [0x00000000dea00000,0x00000000dea00000,0x00000000df700000)
 ParOldGen       total 158208K, used 143296K [0x0000000081c00000, 0x000000008b680000, 0x00000000d5f00000)
  object space 158208K, 90% used [0x0000000081c00000,0x000000008a7f0028,0x000000008b680000)
 Metaspace       used 6776K, capacity 6994K, committed 7296K, reserved 1056768K
  class space    used 732K, capacity 800K, committed 896K, reserved 1048576K
GC Heap History (10 events):
Event: 34.213 GC heap before
{Heap before GC invocations=64 (full 2):
 PSYoungGen      total 155648K, used 154868K [0x00000000d5f00000, 0x00000000e0400000, 0x0000000100000000)
  eden space 142336K, 100% used [0x00000000d5f00000,0x00000000dea00000,0x00000000dea00000)
  from space 13312K, 94% used [0x00000000dea00000,0x00000000df63d3b8,0x00000000df700000)
  to   space 12800K, 0% used [0x00000000df780000,0x00000000df780000,0x00000000e0400000)
 ParOldGen       total 158208K, used 132070K [0x0000000081c00000, 0x000000008b680000, 0x00000000d5f00000)
  object space 158208K, 83% used [0x0000000081c00000,0x0000000089cf99c0,0x000000008b680000)
 Metaspace       used 6776K, capacity 6994K, committed 7296K, reserved 1056768K
  class space    used 732K, capacity 800K, committed 896K, reserved 1048576K
Event: 34.222 GC heap after
Heap after GC invocations=64 (full 2):
 PSYoungGen      total 155136K, used 12776K [0x00000000d5f00000, 0x00000000e0400000, 0x0000000100000000)
  eden space 142336K, 0% used [0x00000000d5f00000,0x00000000d5f00000,0x00000000dea00000)
  from space 12800K, 99% used [0x00000000df780000,0x00000000e03fa030,0x00000000e0400000)
  to   space 13312K, 0% used [0x00000000dea00000,0x00000000dea00000,0x00000000df700000)
 ParOldGen       total 158208K, used 134486K [0x0000000081c00000, 0x000000008b680000, 0x00000000d5f00000)
  object space 158208K, 85% used [0x0000000081c00000,0x0000000089f55b48,0x000000008b680000)
 Metaspace       used 6776K, capacity 6994K, committed 7296K, reserved 1056768K
  class space    used 732K, capacity 800K, committed 896K, reserved 1048576K
}
Event: 34.735 GC heap before
{Heap before GC invocations=65 (full 2):
 PSYoungGen      total 155136K, used 155112K [0x00000000d5f00000, 0x00000000e0400000, 0x0000000100000000)
  eden space 142336K, 100% used [0x00000000d5f00000,0x00000000dea00000,0x00000000dea00000)
  from space 12800K, 99% used [0x00000000df780000,0x00000000e03fa030,0x00000000e0400000)
  to   space 13312K, 0% used [0x00000000dea00000,0x00000000dea00000,0x00000000df700000)
 ParOldGen       total 158208K, used 134486K [0x0000000081c00000, 0x000000008b680000, 0x00000000d5f00000)
  object space 158208K, 85% used [0x0000000081c00000,0x0000000089f55b48,0x000000008b680000)
 Metaspace       used 6776K, capacity 6994K, committed 7296K, reserved 1056768K
  class space    used 732K, capacity 800K, committed 896K, reserved 1048576K
Event: 34.747 GC heap after
Heap after GC invocations=65 (full 2):
 PSYoungGen      total 155648K, used 13300K [0x00000000d5f00000, 0x00000000e0400000, 0x0000000100000000)
  eden space 142336K, 0% used [0x00000000d5f00000,0x00000000d5f00000,0x00000000dea00000)
  from space 13312K, 99% used [0x00000000dea00000,0x00000000df6fd260,0x00000000df700000)
  to   space 12800K, 0% used [0x00000000df780000,0x00000000df780000,0x00000000e0400000)
 ParOldGen       total 158208K, used 137494K [0x0000000081c00000, 0x000000008b680000, 0x00000000d5f00000)
  object space 158208K, 86% used [0x0000000081c00000,0x000000008a245978,0x000000008b680000)
 Metaspace       used 6776K, capacity 6994K, committed 7296K, reserved 1056768K
  class space    used 732K, capacity 800K, committed 896K, reserved 1048576K
}
Event: 35.262 GC heap before
{Heap before GC invocations=66 (full 2):
 PSYoungGen      total 155648K, used 155636K [0x00000000d5f00000, 0x00000000e0400000, 0x0000000100000000)
  eden space 142336K, 100% used [0x00000000d5f00000,0x00000000dea00000,0x00000000dea00000)
  from space 13312K, 99% used [0x00000000dea00000,0x00000000df6fd260,0x00000000df700000)
  to   space 12800K, 0% used [0x00000000df780000,0x00000000df780000,0x00000000e0400000)
 ParOldGen       total 158208K, used 137494K [0x0000000081c00000, 0x000000008b680000, 0x00000000d5f00000)
  object space 158208K, 86% used [0x0000000081c00000,0x000000008a245978,0x000000008b680000)
 Metaspace       used 6776K, capacity 6994K, committed 7296K, reserved 1056768K
  class space    used 732K, capacity 800K, committed 896K, reserved 1048576K
Event: 35.274 GC heap after
Heap after GC invocations=66 (full 2):
 PSYoungGen      total 155136K, used 12334K [0x00000000d5f00000, 0x00000000e0400000, 0x0000000100000000)
  eden space 142336K, 0% used [0x00000000d5f00000,0x00000000d5f00000,0x00000000dea00000)
  from space 12800K, 96% used [0x00000000df780000,0x00000000e038baa0,0x00000000e0400000)
  to   space 13312K, 0% used [0x00000000dea00000,0x00000000dea00000,0x00000000df700000)
 ParOldGen       total 158208K, used 141147K [0x0000000081c00000, 0x000000008b680000, 0x00000000d5f00000)
  object space 158208K, 89% used [0x0000000081c00000,0x000000008a5d6f40,0x000000008b680000)
 Metaspace       used 6776K, capacity 6994K, committed 7296K, reserved 1056768K
  class space    used 732K, capacity 800K, committed 896K, reserved 1048576K
}
Event: 35.778 GC heap before
{Heap before GC invocations=67 (full 2):
 PSYoungGen      total 155136K, used 154670K [0x00000000d5f00000, 0x00000000e0400000, 0x0000000100000000)
  eden space 142336K, 100% used [0x00000000d5f00000,0x00000000dea00000,0x00000000dea00000)
  from space 12800K, 96% used [0x00000000df780000,0x00000000e038baa0,0x00000000e0400000)
  to   space 13312K, 0% used [0x00000000dea00000,0x00000000dea00000,0x00000000df700000)
 ParOldGen       total 158208K, used 141147K [0x0000000081c00000, 0x000000008b680000, 0x00000000d5f00000)
  object space 158208K, 89% used [0x0000000081c00000,0x000000008a5d6f40,0x000000008b680000)
 Metaspace       used 6776K, capacity 6994K, committed 7296K, reserved 1056768K
  class space    used 732K, capacity 800K, committed 896K, reserved 1048576K
Event: 35.786 GC heap after
Heap after GC invocations=67 (full 2):
 PSYoungGen      total 155648K, used 11645K [0x00000000d5f00000, 0x00000000e0400000, 0x0000000100000000)
  eden space 142336K, 0% used [0x00000000d5f00000,0x00000000d5f00000,0x00000000dea00000)
  from space 13312K, 87% used [0x00000000dea00000,0x00000000df55f408,0x00000000df700000)
  to   space 12800K, 0% used [0x00000000df780000,0x00000000df780000,0x00000000e0400000)
 ParOldGen       total 158208K, used 141147K [0x0000000081c00000, 0x000000008b680000, 0x00000000d5f00000)
  object space 158208K, 89% used [0x0000000081c00000,0x000000008a5d6f40,0x000000008b680000)
 Metaspace       used 6776K, capacity 6994K, committed 7296K, reserved 1056768K
  class space    used 732K, capacity 800K, committed 896K, reserved 1048576K
}
Event: 36.447 GC heap before
{Heap before GC invocations=68 (full 2):
 PSYoungGen      total 155648K, used 153981K [0x00000000d5f00000, 0x00000000e0400000, 0x0000000100000000)
  eden space 142336K, 100% used [0x00000000d5f00000,0x00000000dea00000,0x00000000dea00000)
  from space 13312K, 87% used [0x00000000dea00000,0x00000000df55f408,0x00000000df700000)
  to   space 12800K, 0% used [0x00000000df780000,0x00000000df780000,0x00000000e0400000)
 ParOldGen       total 158208K, used 141147K [0x0000000081c00000, 0x000000008b680000, 0x00000000d5f00000)
  object space 158208K, 89% used [0x0000000081c00000,0x000000008a5d6f40,0x000000008b680000)
 Metaspace       used 6776K, capacity 6994K, committed 7296K, reserved 1056768K
  class space    used 732K, capacity 800K, committed 896K, reserved 1048576K
Event: 36.457 GC heap after
Heap after GC invocations=68 (full 2):
 PSYoungGen      total 155136K, used 12788K [0x00000000d5f00000, 0x00000000e0400000, 0x0000000100000000)
  eden space 142336K, 0% used [0x00000000d5f00000,0x00000000d5f00000,0x00000000dea00000)
  from space 12800K, 99% used [0x00000000df780000,0x00000000e03fd0c0,0x00000000e0400000)
  to   space 13312K, 0% used [0x00000000dea00000,0x00000000dea00000,0x00000000df700000)
 ParOldGen       total 158208K, used 143296K [0x0000000081c00000, 0x000000008b680000, 0x00000000d5f00000)
  object space 158208K, 90% used [0x0000000081c00000,0x000000008a7f0028,0x000000008b680000)
 Metaspace       used 6776K, capacity 6994K, committed 7296K, reserved 1056768K
  class space    used 732K, capacity 800K, committed 896K, reserved 1048576K
}

